[2026-06-22T14:32:10.411Z] [INFO] Job created and queued
[2026-06-22T14:32:10.425Z] [INFO] Job started
[2026-06-22T14:32:10.893Z] [INFO] PROGRESS:5 Launching browser...
[2026-06-22T14:32:10.915Z] [INFO] ✅ UI CHECKS RUNNING — Visual Defect Detection
[2026-06-22T14:32:10.918Z] [INFO] 🧹 Cleared old QA logs
[2026-06-22T14:32:10.920Z] [INFO] PROGRESS:15 Loading page...
[2026-06-22T14:32:11.772Z] [INFO] PROGRESS:20 Testing Desktop...
[2026-06-22T14:32:14.573Z] [INFO] ==============================
[2026-06-22T14:32:14.575Z] [INFO] 🚀 QA START: Desktop | Desktop
[2026-06-22T14:32:14.576Z] [INFO] ==============================
[2026-06-22T14:32:14.578Z] [INFO] ISSUES NOW: 0
[2026-06-22T14:32:14.782Z] [INFO] 🔧 Stabilizing...
[2026-06-22T14:32:16.313Z] [INFO] 📜 Scrolling...
[2026-06-22T14:32:19.329Z] [INFO] 🖼️ Waiting for images...
[2026-06-22T14:32:21.347Z] [INFO] 🔍 Running visual defect checks...
[2026-06-22T14:32:21.347Z] [INFO] 🚀 Calling popup detector...
[2026-06-22T14:32:21.347Z] [INFO] 🔍 [POPUP] Starting popup scan...
[2026-06-22T14:32:22.864Z] [INFO] ✅ [POPUP] No popup detected
[2026-06-22T14:32:22.915Z] [INFO] ENTRY BEING SAVED: {
[2026-06-22T14:32:22.916Z] [INFO] "page": "Desktop",
[2026-06-22T14:32:22.916Z] [INFO] "device": "Desktop",
[2026-06-22T14:32:22.916Z] [INFO] "url": "https://example.com",
[2026-06-22T14:32:22.916Z] [INFO] "issues": [],
[2026-06-22T14:32:22.916Z] [INFO] "screenshot": null,
[2026-06-22T14:32:22.917Z] [INFO] "timestamp": "2026-06-22T14:32:22.914Z"
[2026-06-22T14:32:22.917Z] [INFO] }
[2026-06-22T14:32:22.917Z] [INFO] ISSUES BEFORE PUSH: []
[2026-06-22T14:32:22.917Z] [INFO] WRITING REPORT: D:\Project\qaiachatbot\Keyword Finder\backend\ui-check\jobs\f59995d0-e4c7-4141-b85a-70af63a195dd\qaReport.json
[2026-06-22T14:32:22.918Z] [INFO] 📝 Report written: 0 issue(s)
[2026-06-22T14:32:22.919Z] [INFO] LAST REPORT ENTRY: {
[2026-06-22T14:32:22.920Z] [INFO] "device": "Desktop",
[2026-06-22T14:32:22.919Z] [INFO] "page": "Desktop",
[2026-06-22T14:32:22.920Z] [INFO] "url": "https://example.com",
[2026-06-22T14:32:22.920Z] [INFO] "issues": [],
[2026-06-22T14:32:22.920Z] [INFO] "screenshot": null,
[2026-06-22T14:32:22.921Z] [INFO] "timestamp": "2026-06-22T14:32:22.914Z"
[2026-06-22T14:32:22.921Z] [INFO] }
[2026-06-22T14:32:22.921Z] [INFO] ✅ QA COMPLETE: 0 visual defect(s) found
[2026-06-22T14:32:23.016Z] [INFO] PROGRESS:85 Generating QA report...
[2026-06-22T14:32:23.019Z] [INFO] Report entries: 1
[2026-06-22T14:32:23.020Z] [INFO] "url": "https://example.com",
[2026-06-22T14:32:23.019Z] [INFO] "page": "Desktop",
[2026-06-22T14:32:23.019Z] [INFO] {
[2026-06-22T14:32:23.020Z] [INFO] "device": "Desktop",
[2026-06-22T14:32:23.020Z] [INFO] "issues": [],
[2026-06-22T14:32:23.020Z] [INFO] "screenshot": null,
[2026-06-22T14:32:23.021Z] [INFO] }
[2026-06-22T14:32:23.020Z] [INFO] "timestamp": "2026-06-22T14:32:22.914Z"
[2026-06-22T14:32:23.021Z] [INFO] Screenshot folder: D:\Project\qaiachatbot\Keyword Finder\backend\ui-check\jobs\f59995d0-e4c7-4141-b85a-70af63a195dd\screenshots
[2026-06-22T14:32:23.021Z] [INFO] Folder exists: true
[2026-06-22T14:32:23.022Z] [INFO] === Screenshot Metadata Map ===
[2026-06-22T14:32:23.022Z] [INFO] Files: []
[2026-06-22T14:32:23.023Z] [INFO] {}
[2026-06-22T14:32:23.024Z] [INFO] PROGRESS:100 Completed
[2026-06-22T14:32:23.057Z] [INFO] Job completed successfully
