[2026-06-23T10:01:26.510Z] [INFO] Job created and queued
[2026-06-23T10:01:26.516Z] [INFO] Job started
[2026-06-23T10:01:27.806Z] [INFO] Job started
[2026-06-23T10:01:29.040Z] [INFO] Job started
[2026-06-23T10:01:31.536Z] [INFO] Job started
[2026-06-23T10:01:32.764Z] [INFO] Job started
[2026-06-23T10:01:36.427Z] [INFO] Job started
[2026-06-23T10:01:37.769Z] [INFO] Job started
[2026-06-23T10:01:39.135Z] [INFO] Job started
[2026-06-23T10:01:42.918Z] [INFO] Job started
[2026-06-23T10:01:44.191Z] [INFO] Job started
[2026-06-23T10:01:45.550Z] [INFO] Job started
[2026-06-23T10:01:46.916Z] [INFO] Job started
[2026-06-23T10:01:49.473Z] [INFO] Job started
[2026-06-23T10:01:50.836Z] [INFO] Job started
[2026-06-23T10:01:53.349Z] [INFO] Job started
[2026-06-23T10:01:54.609Z] [INFO] Job started
[2026-06-23T10:01:55.872Z] [INFO] Job started
[2026-06-23T10:01:58.425Z] [INFO] Job started
[2026-06-23T10:01:59.700Z] [INFO] Job started
[2026-06-23T10:02:01.106Z] [INFO] Job started
[2026-06-23T10:02:02.367Z] [INFO] Job started
[2026-06-23T10:02:03.664Z] [INFO] Job started
[2026-06-23T10:02:05.008Z] [INFO] Job started
[2026-06-23T10:02:06.372Z] [INFO] Job started
[2026-06-23T10:02:07.585Z] [INFO] Job started
[2026-06-23T10:02:08.838Z] [INFO] Job started
[2026-06-23T10:02:10.094Z] [INFO] Job started
[2026-06-23T10:02:11.373Z] [INFO] Job started
[2026-06-23T10:02:12.620Z] [INFO] Job started
[2026-06-23T10:02:13.853Z] [INFO] Job started
[2026-06-23T10:02:15.070Z] [INFO] Job started
[2026-06-23T10:02:16.330Z] [INFO] Job started
[2026-06-23T10:02:17.545Z] [INFO] Job started
[2026-06-23T10:02:18.801Z] [INFO] Job started
[2026-06-23T10:02:20.005Z] [INFO] Job started
[2026-06-23T10:02:21.278Z] [INFO] Job started
[2026-06-23T10:02:23.788Z] [INFO] Job started
[2026-06-23T10:02:26.435Z] [INFO] Job started
[2026-06-23T10:02:27.670Z] [INFO] Job started
[2026-06-23T10:02:33.800Z] [INFO] Job started
[2026-06-23T10:02:36.291Z] [INFO] Job started
[2026-06-23T10:02:40.067Z] [INFO] Job started
[2026-06-23T10:02:41.281Z] [INFO] Job started
[2026-06-23T10:02:42.556Z] [INFO] Job started
[2026-06-23T10:02:43.776Z] [INFO] Job started
[2026-06-23T10:02:45.023Z] [INFO] Job started
[2026-06-23T10:02:48.672Z] [INFO] Job started
[2026-06-23T10:02:55.889Z] [INFO] Job started
[2026-06-23T10:02:57.139Z] [INFO] Job started
[2026-06-23T10:02:59.538Z] [INFO] Job started
[2026-06-23T10:03:00.747Z] [INFO] Job started
[2026-06-23T10:03:02.845Z] [INFO] Job started
[2026-06-23T10:03:04.678Z] [INFO] Job started
[2026-06-23T10:03:06.713Z] [INFO] Job started
[2026-06-23T10:03:08.476Z] [INFO] Job started
[2026-06-23T10:03:10.143Z] [INFO] Job started
[2026-06-23T10:03:13.432Z] [INFO] Job started
[2026-06-23T10:03:15.033Z] [INFO] Job started
[2026-06-23T10:03:16.460Z] [INFO] Job started
[2026-06-23T10:03:18.012Z] [INFO] Job started
[2026-06-23T10:03:19.559Z] [INFO] Job started
[2026-06-23T10:03:21.389Z] [INFO] Job started
[2026-06-23T10:03:23.317Z] [INFO] Job started
[2026-06-23T10:03:24.860Z] [INFO] Job started
[2026-06-23T10:03:26.227Z] [INFO] Job started
[2026-06-23T10:03:28.837Z] [INFO] Job started
[2026-06-23T10:03:30.529Z] [INFO] Job started
[2026-06-23T10:03:31.907Z] [INFO] Job started
[2026-06-23T10:03:33.508Z] [INFO] Job started
[2026-06-23T10:03:34.983Z] [INFO] Job started
[2026-06-23T10:03:36.452Z] [INFO] Job started
[2026-06-23T10:03:37.939Z] [INFO] Job started
[2026-06-23T10:03:39.436Z] [INFO] Job started
[2026-06-23T10:03:40.803Z] [INFO] Job started
[2026-06-23T10:03:42.128Z] [INFO] Job started
[2026-06-23T10:03:43.425Z] [INFO] Job started
[2026-06-23T10:03:45.957Z] [INFO] Job started
[2026-06-23T10:03:47.233Z] [INFO] Job started
[2026-06-23T10:03:48.479Z] [INFO] Job started
[2026-06-23T10:03:49.810Z] [INFO] Job started
[2026-06-23T10:03:51.141Z] [INFO] Job started
[2026-06-23T10:03:52.376Z] [INFO] Job started
[2026-06-23T10:03:53.637Z] [INFO] Job started
[2026-06-23T10:03:55.191Z] [INFO] Job started
[2026-06-23T10:03:56.865Z] [INFO] Job started
[2026-06-23T10:03:59.753Z] [INFO] Job started
[2026-06-23T10:04:00.391Z] [INFO] PROGRESS:10 Initializing SEO audit...
[2026-06-23T10:04:00.396Z] [INFO] PROGRESS:20 Running SEO checks...
[2026-06-23T10:04:00.397Z] [INFO] 🧪 DEBUG: FULL SITEMAP MODE STARTED
[2026-06-23T10:04:00.398Z] [INFO] 🧪 MODE RECEIVED IN ENGINE: single
[2026-06-23T10:04:00.399Z] [INFO] ⚡ Running SINGLE URL SEO mode
[2026-06-23T10:04:00.399Z] [INFO] ✅ FINAL MODE: single
[2026-06-23T10:04:00.400Z] [INFO] 📄 Total URLs to scan: 1
[2026-06-23T10:04:00.400Z] [INFO] 📦 TOTAL BATCHES: 1
[2026-06-23T10:04:00.401Z] [INFO] 📏 BATCH SIZE: 50
[2026-06-23T10:04:00.540Z] [INFO] 🚀 Starting Playwright scan (headless)...
[2026-06-23T10:04:00.540Z] [INFO] 📄 Total URLs to scan: 1
[2026-06-23T10:04:00.541Z] [INFO] 🌐 Browser launched (headless) using Chromium
[2026-06-23T10:04:00.541Z] [INFO] 📦 Processing batch 1/1
[2026-06-23T10:04:00.542Z] [INFO] 📄 URLs in batch: 1
[2026-06-23T10:04:00.542Z] [INFO] [1/1] 🔎 Opening: https://example.com
[2026-06-23T10:04:00.542Z] [INFO] ⏳ Waiting for DOM load...
[2026-06-23T10:04:00.543Z] [INFO] 🔍 Running SEO checks...
[2026-06-23T10:04:03.226Z] [INFO] Job started
[2026-06-23T10:04:04.563Z] [INFO] Job started
[2026-06-23T10:04:07.153Z] [INFO] Job started
[2026-06-23T10:04:09.825Z] [INFO] Job started
[2026-06-23T10:04:11.126Z] [INFO] Job started
[2026-06-23T10:04:13.947Z] [INFO] Job started
[2026-06-23T10:04:15.308Z] [INFO] Job started
[2026-06-23T10:04:17.751Z] [INFO] Job started
[2026-06-23T10:04:19.033Z] [INFO] Job started
[2026-06-23T10:04:20.419Z] [INFO] Job started
[2026-06-23T10:04:21.881Z] [INFO] Job started
[2026-06-23T10:04:24.469Z] [INFO] Job started
[2026-06-23T10:04:27.259Z] [INFO] Job started
[2026-06-23T10:04:29.050Z] [INFO] Job started
[2026-06-23T10:04:30.683Z] [INFO] Job started
[2026-06-23T10:04:32.015Z] [INFO] Job started
[2026-06-23T10:04:33.614Z] [INFO] Job started
[2026-06-23T10:04:35.445Z] [INFO] Job started
[2026-06-23T10:04:38.687Z] [INFO] Job started
[2026-06-23T10:04:40.178Z] [INFO] Job started
[2026-06-23T10:04:41.768Z] [INFO] Job started
[2026-06-23T10:04:43.970Z] [INFO] Job started
[2026-06-23T10:04:45.314Z] [INFO] Job started
[2026-06-23T10:04:46.637Z] [INFO] Job started
[2026-06-23T10:04:48.248Z] [INFO] Job started
[2026-06-23T10:04:53.928Z] [INFO] Job started
[2026-06-23T10:04:56.425Z] [INFO] Job started
[2026-06-23T10:04:57.664Z] [INFO] Job started
[2026-06-23T10:04:58.912Z] [INFO] Job started
[2026-06-23T10:05:02.690Z] [INFO] Job started
[2026-06-23T10:05:03.937Z] [INFO] Job started
[2026-06-23T10:05:05.147Z] [INFO] Job started
[2026-06-23T10:05:07.605Z] [INFO] Job started
[2026-06-23T10:05:08.821Z] [INFO] Job started
[2026-06-23T10:05:13.621Z] [INFO] Job started
[2026-06-23T10:05:14.837Z] [INFO] Job started
[2026-06-23T10:05:18.467Z] [INFO] Job started
[2026-06-23T10:05:34.167Z] [INFO] Job started
[2026-06-23T10:05:35.405Z] [INFO] Job started
[2026-06-23T10:05:36.790Z] [INFO] Job started
[2026-06-23T10:05:44.410Z] [INFO] Job started
[2026-06-23T10:05:48.187Z] [INFO] Job started
[2026-06-23T10:05:49.418Z] [INFO] Job started
[2026-06-23T10:05:59.505Z] [INFO] Job started
[2026-06-23T10:06:01.935Z] [INFO] Job started
[2026-06-23T10:06:09.926Z] [INFO] Job started
[2026-06-23T10:06:13.551Z] [INFO] Job started
[2026-06-23T10:06:14.814Z] [INFO] Job started
[2026-06-23T10:06:19.597Z] [INFO] Job started
[2026-06-23T10:06:22.014Z] [INFO] Job started
[2026-06-23T10:06:26.854Z] [INFO] Job started
[2026-06-23T10:06:29.287Z] [INFO] Job started
[2026-06-23T10:06:34.184Z] [INFO] Job started
[2026-06-23T10:06:36.693Z] [INFO] Job started
[2026-06-23T10:06:39.102Z] [INFO] Job started
[2026-06-23T10:06:41.520Z] [INFO] Job started
[2026-06-23T10:06:42.718Z] [INFO] Job started
[2026-06-23T10:06:49.933Z] [INFO] Job started
[2026-06-23T10:06:57.217Z] [INFO] Job started
[2026-06-23T10:07:08.048Z] [INFO] Job started
[2026-06-23T10:07:09.251Z] [INFO] Job started
[2026-06-23T10:07:23.782Z] [INFO] Job started
[2026-06-23T10:07:28.631Z] [INFO] Job started
[2026-06-23T10:07:32.234Z] [INFO] Job started
[2026-06-23T10:07:34.655Z] [INFO] Job started
[2026-06-23T10:07:39.557Z] [INFO] Job started
[2026-06-23T10:07:46.773Z] [INFO] Job started
[2026-06-23T10:07:59.485Z] [INFO] Job started
[2026-06-23T10:08:05.575Z] [INFO] Job started
[2026-06-23T10:08:10.591Z] [INFO] Job started
[2026-06-23T10:08:26.271Z] [INFO] Job started
[2026-06-23T10:08:42.869Z] [INFO] Job started
[2026-06-23T10:08:44.461Z] [INFO] Job started
[2026-06-23T10:08:46.215Z] [INFO] Job started
[2026-06-23T10:08:48.668Z] [INFO] Job started
[2026-06-23T10:08:50.273Z] [INFO] Job started
[2026-06-23T10:09:01.275Z] [INFO] Job started
[2026-06-23T10:09:02.642Z] [INFO] Job started
[2026-06-23T10:09:04.410Z] [INFO] Job started
[2026-06-23T10:09:09.698Z] [INFO] Job started
[2026-06-23T10:09:12.182Z] [INFO] Job started
[2026-06-23T10:09:14.680Z] [INFO] Job started
[2026-06-23T10:09:17.517Z] [INFO] Job started
[2026-06-23T10:09:18.888Z] [INFO] Job started
[2026-06-23T10:09:21.662Z] [INFO] Job started
[2026-06-23T10:09:22.899Z] [INFO] Job started
[2026-06-23T10:09:24.157Z] [INFO] Job started
[2026-06-23T10:09:28.519Z] [INFO] Job started
[2026-06-23T10:09:30.202Z] [INFO] Job started
[2026-06-23T10:09:35.290Z] [INFO] Job started
[2026-06-23T10:09:50.292Z] [INFO] Job started
[2026-06-23T10:09:57.380Z] [INFO] Job started
[2026-06-23T10:09:58.619Z] [INFO] Job started
[2026-06-23T10:10:02.348Z] [INFO] Job started
[2026-06-23T10:10:03.588Z] [INFO] Job started
[2026-06-23T10:10:08.572Z] [INFO] Job started
[2026-06-23T10:10:20.257Z] [INFO] Job started
[2026-06-23T10:10:21.966Z] [INFO] Job started
[2026-06-23T10:10:23.891Z] [INFO] Job started
[2026-06-23T10:10:25.680Z] [INFO] Job started
[2026-06-23T10:10:33.384Z] [INFO] Job started
[2026-06-23T10:10:36.595Z] [INFO] Job started
[2026-06-23T10:10:37.867Z] [INFO] Job started
[2026-06-23T10:10:40.462Z] [INFO] Job started
[2026-06-23T10:10:42.280Z] [INFO] Job started
[2026-06-23T10:10:44.099Z] [INFO] Job started
[2026-06-23T10:10:46.413Z] [INFO] Job started
[2026-06-23T10:10:49.322Z] [INFO] Job started
[2026-06-23T10:10:50.634Z] [INFO] Job started
[2026-06-23T10:10:54.543Z] [INFO] Job started
[2026-06-23T10:10:55.748Z] [INFO] Job started
[2026-06-23T10:10:56.983Z] [INFO] Job started
[2026-06-23T10:10:58.200Z] [INFO] Job started
[2026-06-23T10:11:00.620Z] [INFO] Job started
[2026-06-23T10:11:01.900Z] [INFO] Job started
[2026-06-23T10:11:04.311Z] [INFO] Job started
[2026-06-23T10:11:08.999Z] [INFO] Job started
[2026-06-23T10:11:10.308Z] [INFO] Job started
[2026-06-23T10:11:11.542Z] [INFO] Job started
[2026-06-23T10:11:14.083Z] [INFO] Job started
[2026-06-23T10:11:17.764Z] [INFO] Job started
[2026-06-23T10:11:23.998Z] [INFO] Job started
[2026-06-23T10:11:30.219Z] [INFO] Job started
[2026-06-23T10:11:31.458Z] [INFO] Job started
[2026-06-23T10:11:32.753Z] [INFO] Job started
[2026-06-23T10:11:34.084Z] [INFO] Job started
[2026-06-23T10:11:35.364Z] [INFO] Job started
[2026-06-23T10:11:36.592Z] [INFO] Job started
[2026-06-23T10:11:41.446Z] [INFO] Job started
[2026-06-23T10:11:42.673Z] [INFO] Job started
[2026-06-23T10:11:43.854Z] [INFO] Job started
[2026-06-23T10:11:45.056Z] [INFO] Job started
[2026-06-23T10:11:49.814Z] [INFO] Job started
[2026-06-23T10:11:51.024Z] [INFO] Job started
[2026-06-23T10:11:52.280Z] [INFO] Job started
[2026-06-23T10:11:54.680Z] [INFO] Job started
[2026-06-23T10:11:57.081Z] [INFO] Job started
[2026-06-23T10:12:05.425Z] [INFO] Job started
[2026-06-23T10:12:08.022Z] [INFO] Job started
[2026-06-23T10:12:09.464Z] [INFO] Job started
[2026-06-23T10:12:12.162Z] [INFO] Job started
[2026-06-23T10:12:13.879Z] [INFO] Job started
[2026-06-23T10:12:15.167Z] [INFO] Job started
[2026-06-23T10:12:20.985Z] [INFO] Job started
[2026-06-23T10:12:22.895Z] [INFO] Job started
[2026-06-23T10:12:25.608Z] [INFO] Job started
[2026-06-23T10:12:26.903Z] [INFO] Job started
[2026-06-23T10:12:28.215Z] [INFO] Job started
[2026-06-23T10:12:31.150Z] [INFO] Job started
[2026-06-23T10:12:32.730Z] [INFO] Job started
[2026-06-23T10:12:34.486Z] [INFO] Job started
[2026-06-23T10:12:37.149Z] [INFO] Job started
[2026-06-23T10:12:38.621Z] [INFO] Job started
[2026-06-23T10:12:41.400Z] [INFO] Job started
[2026-06-23T10:12:45.336Z] [INFO] Job started
[2026-06-23T10:12:46.607Z] [INFO] Job started
[2026-06-23T10:12:48.049Z] [INFO] Job started
[2026-06-23T10:12:50.822Z] [INFO] Job started
[2026-06-23T10:12:52.086Z] [INFO] Job started
[2026-06-23T10:12:53.384Z] [INFO] Job started
[2026-06-23T10:12:58.495Z] [INFO] Job started
[2026-06-23T10:13:02.377Z] [INFO] Job started
[2026-06-23T10:13:06.412Z] [INFO] Job started
[2026-06-23T10:13:07.820Z] [INFO] Job started
[2026-06-23T10:13:18.536Z] [INFO] Job started
[2026-06-23T10:13:27.034Z] [INFO] Job started
[2026-06-23T10:13:28.341Z] [INFO] Job started
[2026-06-23T10:13:29.666Z] [INFO] Job started
[2026-06-23T10:13:30.899Z] [INFO] Job started
[2026-06-23T10:13:32.315Z] [INFO] Job started
[2026-06-23T10:13:34.996Z] [INFO] Job started
[2026-06-23T10:13:36.398Z] [INFO] Job started
[2026-06-23T10:13:37.715Z] [INFO] Job started
[2026-06-23T10:13:42.691Z] [INFO] Job started
[2026-06-23T10:13:43.927Z] [INFO] Job started
[2026-06-23T10:13:45.169Z] [INFO] Job started
[2026-06-23T10:13:46.386Z] [INFO] Job started
[2026-06-23T10:13:47.598Z] [INFO] Job started
[2026-06-23T10:13:48.860Z] [INFO] Job started
[2026-06-23T10:13:50.092Z] [INFO] Job started
[2026-06-23T10:13:51.308Z] [INFO] Job started
[2026-06-23T10:13:52.533Z] [INFO] Job started
[2026-06-23T10:13:53.774Z] [INFO] Job started
[2026-06-23T10:13:54.984Z] [INFO] Job started
[2026-06-23T10:13:56.237Z] [INFO] Job started
[2026-06-23T10:17:02.162Z] [INFO] Job cancelled on startup (not auto-resumed)
