[2026-06-23T13:37:25.915Z] [INFO] Job created and queued
[2026-06-23T13:37:25.923Z] [INFO] Job started
[2026-06-23T13:37:26.282Z] [INFO] PROGRESS:5 Initializing full site UI check...
[2026-06-23T13:37:26.300Z] [INFO] PROGRESS:10 Discovering URLs...
[2026-06-23T13:37:26.308Z] [INFO] [CRAWL] Starting URL discovery
[2026-06-23T13:37:26.309Z] [INFO] [CRAWL] Seed: https://example.com
[2026-06-23T13:37:26.310Z] [INFO] [CRAWL] Max depth: [33m5[39m | Max URLs: [33m50[39m
[2026-06-23T13:37:26.744Z] [INFO] [CRAWL] Found 1: https://example.com/
[2026-06-23T13:37:26.745Z] [INFO] [CRAWL] Scanning page 1 (depth 0, queue 0, found 1): https://example.com/
[2026-06-23T13:37:27.068Z] [INFO] [CRAWL] Found 2: https://example.com/domains/example
[2026-06-23T13:37:27.068Z] [INFO] [CRAWL] Page done — 1 link(s) checked, 1 new URL(s): https://example.com/
[2026-06-23T13:37:27.076Z] [INFO] [CRAWL] Scanning page 2 (depth 1, queue 0, found 2): https://example.com/domains/example
[2026-06-23T13:37:27.233Z] [INFO] [CRAWL] Page done — 1 link(s) checked, 0 new URL(s): https://example.com/domains/example
[2026-06-23T13:37:27.237Z] [INFO] [CRAWL] Discovery complete — 2 URL(s) found
[2026-06-23T13:37:27.238Z] [INFO] [CRAWL] URL list:
[2026-06-23T13:37:27.239Z] [INFO] 1. https://example.com/
[2026-06-23T13:37:27.239Z] [INFO] 2. https://example.com/domains/example
[2026-06-23T13:37:27.306Z] [INFO] PROGRESS:25 Found 2 URLs — scanning...
[2026-06-23T13:37:27.309Z] [INFO] [TEST] Starting queue processing
[2026-06-23T13:37:27.309Z] [INFO] [TEST] Total URLs in queue: [33m2[39m
[2026-06-23T13:37:27.401Z] [INFO] [TEST] Running 1/2: https://example.com/
[2026-06-23T13:37:27.406Z] [INFO] [TEST]   Loading page (Desktop): https://example.com/
[2026-06-23T13:37:27.596Z] [INFO] [TEST]   Running checks (Desktop): https://example.com/
[2026-06-23T13:37:27.598Z] [INFO] [QA] Started: https://example.com/ (Desktop)
[2026-06-23T13:37:29.240Z] [INFO] Job cancelled
