[2026-06-22T10:22:52.810Z] [INFO] Job created and queued
[2026-06-22T10:22:52.817Z] [INFO] Job started
[2026-06-22T10:22:53.230Z] [INFO] PROGRESS:5 Launching browser...
[2026-06-22T10:22:53.660Z] [INFO] ✅ UI CHECKS RUNNING — Visual Defect Detection
[2026-06-22T10:22:53.662Z] [INFO] 🧹 Cleared old QA logs
[2026-06-22T10:22:53.664Z] [INFO] PROGRESS:15 Loading page...
[2026-06-22T10:22:53.810Z] [INFO] PROGRESS:20 Testing Desktop...
[2026-06-22T10:22:55.754Z] [INFO] ==============================
[2026-06-22T10:22:55.754Z] [INFO] 🚀 QA START: Desktop | Desktop
[2026-06-22T10:22:55.754Z] [INFO] ISSUES NOW: 0
[2026-06-22T10:22:55.754Z] [INFO] ==============================
[2026-06-22T10:23:10.796Z] [INFO] 🔧 Stabilizing...
[2026-06-22T10:23:12.322Z] [INFO] 📜 Scrolling...
[2026-06-22T10:23:15.337Z] [INFO] 🖼️ Waiting for images...
[2026-06-22T10:23:17.355Z] [INFO] 🔍 Running visual defect checks...
[2026-06-22T10:23:17.355Z] [INFO] 🚀 Calling popup detector...
[2026-06-22T10:23:17.356Z] [INFO] 🔍 [POPUP] Starting popup scan...
[2026-06-22T10:23:18.875Z] [INFO] ✅ [POPUP] No popup detected
[2026-06-22T10:23:18.917Z] [INFO] Saving screenshot: D:\Project\qaiachatbot\Keyword Finder\backend\ui-check\jobs\cf1dc9d7-974a-4ca9-9538-04170c420f9f\screenshots\small-buttons-1782123798914.png
[2026-06-22T10:23:18.995Z] [INFO] ADD ISSUE: Small Touch Targets
[2026-06-22T10:23:18.995Z] [INFO] CURRENT ISSUE COUNT: 1
[2026-06-22T10:23:19.018Z] [INFO] ADD ISSUE: Layout Shift (CLS)
[2026-06-22T10:23:19.019Z] [INFO] CURRENT ISSUE COUNT: 2
[2026-06-22T10:23:19.024Z] [INFO] Saving screenshot: D:\Project\qaiachatbot\Keyword Finder\backend\ui-check\jobs\cf1dc9d7-974a-4ca9-9538-04170c420f9f\screenshots\final-1782123799021.png
[2026-06-22T10:23:19.097Z] [INFO] ENTRY BEING SAVED: {
[2026-06-22T10:23:19.097Z] [INFO] "device": "Desktop",
[2026-06-22T10:23:19.097Z] [INFO] "url": "https://google.com",
[2026-06-22T10:23:19.097Z] [INFO] "page": "Desktop",
[2026-06-22T10:23:19.097Z] [INFO] {
[2026-06-22T10:23:19.097Z] [INFO] "issues": [
[2026-06-22T10:23:19.097Z] [INFO] "type": "Small Touch Targets",
[2026-06-22T10:23:19.097Z] [INFO] "id": "QA-0001",
[2026-06-22T10:23:19.097Z] [INFO] "severity": "minor",
[2026-06-22T10:23:19.097Z] [INFO] "details": null,
[2026-06-22T10:23:19.097Z] [INFO] "screenshot": "small-buttons-1782123798914.png",
[2026-06-22T10:23:19.097Z] [INFO] "count": 2,
[2026-06-22T10:23:19.097Z] [INFO] },
[2026-06-22T10:23:19.097Z] [INFO] "timestamp": "2026-06-22T10:23:18.990Z"
[2026-06-22T10:23:19.098Z] [INFO] {
[2026-06-22T10:23:19.098Z] [INFO] "id": "QA-0002",
[2026-06-22T10:23:19.098Z] [INFO] "type": "Layout Shift (CLS)",
[2026-06-22T10:23:19.098Z] [INFO] "count": 0,
[2026-06-22T10:23:19.098Z] [INFO] "screenshot": null,
[2026-06-22T10:23:19.098Z] [INFO] "severity": "minor",
[2026-06-22T10:23:19.098Z] [INFO] "details": "CLS Score: 0.1690",
[2026-06-22T10:23:19.098Z] [INFO] "timestamp": "2026-06-22T10:23:19.015Z"
[2026-06-22T10:23:19.098Z] [INFO] }
[2026-06-22T10:23:19.098Z] [INFO] "screenshot": "final-1782123799021.png",
[2026-06-22T10:23:19.098Z] [INFO] ],
[2026-06-22T10:23:19.098Z] [INFO] "timestamp": "2026-06-22T10:23:19.094Z"
[2026-06-22T10:23:19.098Z] [INFO] }
[2026-06-22T10:23:19.098Z] [INFO] {
[2026-06-22T10:23:19.098Z] [INFO] "type": "Small Touch Targets",
[2026-06-22T10:23:19.098Z] [INFO] "id": "QA-0001",
[2026-06-22T10:23:19.098Z] [INFO] "screenshot": "small-buttons-1782123798914.png",
[2026-06-22T10:23:19.098Z] [INFO] "details": null,
[2026-06-22T10:23:19.098Z] [INFO] "severity": "minor",
[2026-06-22T10:23:19.098Z] [INFO] ISSUES BEFORE PUSH: [
[2026-06-22T10:23:19.098Z] [INFO] "timestamp": "2026-06-22T10:23:18.990Z"
[2026-06-22T10:23:19.098Z] [INFO] "count": 2,
[2026-06-22T10:23:19.098Z] [INFO] },
[2026-06-22T10:23:19.098Z] [INFO] "id": "QA-0002",
[2026-06-22T10:23:19.098Z] [INFO] "type": "Layout Shift (CLS)",
[2026-06-22T10:23:19.098Z] [INFO] {
[2026-06-22T10:23:19.098Z] [INFO] "count": 0,
[2026-06-22T10:23:19.099Z] [INFO] "details": "CLS Score: 0.1690",
[2026-06-22T10:23:19.099Z] [INFO] "screenshot": null,
[2026-06-22T10:23:19.099Z] [INFO] "severity": "minor",
[2026-06-22T10:23:19.099Z] [INFO] "timestamp": "2026-06-22T10:23:19.015Z"
[2026-06-22T10:23:19.099Z] [INFO] ]
[2026-06-22T10:23:19.099Z] [INFO] }
[2026-06-22T10:23:19.099Z] [INFO] WRITING REPORT: D:\Project\qaiachatbot\Keyword Finder\backend\ui-check\jobs\cf1dc9d7-974a-4ca9-9538-04170c420f9f\qaReport.json
[2026-06-22T10:23:19.100Z] [INFO] 📝 Report written: 2 issue(s)
[2026-06-22T10:23:19.101Z] [INFO] "device": "Desktop",
[2026-06-22T10:23:19.101Z] [INFO] "url": "https://google.com",
[2026-06-22T10:23:19.101Z] [INFO] LAST REPORT ENTRY: {
[2026-06-22T10:23:19.101Z] [INFO] "page": "Desktop",
[2026-06-22T10:23:19.101Z] [INFO] {
[2026-06-22T10:23:19.101Z] [INFO] "issues": [
[2026-06-22T10:23:19.101Z] [INFO] "id": "QA-0001",
[2026-06-22T10:23:19.101Z] [INFO] "type": "Small Touch Targets",
[2026-06-22T10:23:19.101Z] [INFO] "count": 2,
[2026-06-22T10:23:19.102Z] [INFO] "screenshot": "small-buttons-1782123798914.png",
[2026-06-22T10:23:19.102Z] [INFO] "details": null,
[2026-06-22T10:23:19.102Z] [INFO] "severity": "minor",
[2026-06-22T10:23:19.102Z] [INFO] },
[2026-06-22T10:23:19.102Z] [INFO] "timestamp": "2026-06-22T10:23:18.990Z"
[2026-06-22T10:23:19.102Z] [INFO] "id": "QA-0002",
[2026-06-22T10:23:19.102Z] [INFO] "count": 0,
[2026-06-22T10:23:19.102Z] [INFO] "type": "Layout Shift (CLS)",
[2026-06-22T10:23:19.102Z] [INFO] {
[2026-06-22T10:23:19.102Z] [INFO] "screenshot": null,
[2026-06-22T10:23:19.102Z] [INFO] "severity": "minor",
[2026-06-22T10:23:19.102Z] [INFO] "details": "CLS Score: 0.1690",
[2026-06-22T10:23:19.102Z] [INFO] "timestamp": "2026-06-22T10:23:19.015Z"
[2026-06-22T10:23:19.102Z] [INFO] }
[2026-06-22T10:23:19.103Z] [INFO] "screenshot": "final-1782123799021.png",
[2026-06-22T10:23:19.102Z] [INFO] ],
[2026-06-22T10:23:19.103Z] [INFO] }
[2026-06-22T10:23:19.103Z] [INFO] ✅ QA COMPLETE: 2 visual defect(s) found
[2026-06-22T10:23:19.103Z] [INFO] "timestamp": "2026-06-22T10:23:19.094Z"
[2026-06-22T10:23:19.205Z] [INFO] PROGRESS:85 Generating QA report...
[2026-06-22T10:23:19.207Z] [INFO] Report entries: 1
[2026-06-22T10:23:19.208Z] [INFO] {
[2026-06-22T10:23:19.208Z] [INFO] "page": "Desktop",
[2026-06-22T10:23:19.208Z] [INFO] "device": "Desktop",
[2026-06-22T10:23:19.208Z] [INFO] "url": "https://google.com",
[2026-06-22T10:23:19.208Z] [INFO] "issues": [
[2026-06-22T10:23:19.208Z] [INFO] "id": "QA-0001",
[2026-06-22T10:23:19.208Z] [INFO] "type": "Small Touch Targets",
[2026-06-22T10:23:19.208Z] [INFO] {
[2026-06-22T10:23:19.208Z] [INFO] "screenshot": "small-buttons-1782123798914.png",
[2026-06-22T10:23:19.208Z] [INFO] "count": 2,
[2026-06-22T10:23:19.208Z] [INFO] "severity": "minor",
[2026-06-22T10:23:19.208Z] [INFO] "details": null,
[2026-06-22T10:23:19.208Z] [INFO] "timestamp": "2026-06-22T10:23:18.990Z"
[2026-06-22T10:23:19.208Z] [INFO] },
[2026-06-22T10:23:19.208Z] [INFO] {
[2026-06-22T10:23:19.208Z] [INFO] "id": "QA-0002",
[2026-06-22T10:23:19.208Z] [INFO] "type": "Layout Shift (CLS)",
[2026-06-22T10:23:19.208Z] [INFO] "severity": "minor",
[2026-06-22T10:23:19.208Z] [INFO] "details": "CLS Score: 0.1690",
[2026-06-22T10:23:19.208Z] [INFO] "timestamp": "2026-06-22T10:23:19.015Z"
[2026-06-22T10:23:19.208Z] [INFO] "screenshot": null,
[2026-06-22T10:23:19.208Z] [INFO] "count": 0,
[2026-06-22T10:23:19.208Z] [INFO] ],
[2026-06-22T10:23:19.208Z] [INFO] }
[2026-06-22T10:23:19.208Z] [INFO] "screenshot": "final-1782123799021.png",
[2026-06-22T10:23:19.209Z] [INFO] "timestamp": "2026-06-22T10:23:19.094Z"
[2026-06-22T10:23:19.209Z] [INFO] }
[2026-06-22T10:23:19.209Z] [INFO] Screenshot folder: D:\Project\qaiachatbot\Keyword Finder\backend\ui-check\jobs\cf1dc9d7-974a-4ca9-9538-04170c420f9f\screenshots
[2026-06-22T10:23:19.210Z] [INFO] Folder exists: true
[2026-06-22T10:23:19.210Z] [INFO] Files: [ 'final-1782123799021.png', 'small-buttons-1782123798914.png' ]
[2026-06-22T10:23:19.212Z] [INFO] === Screenshot Metadata Map ===
[2026-06-22T10:23:19.213Z] [INFO] {
[2026-06-22T10:23:19.213Z] [INFO] "page": "Desktop",
[2026-06-22T10:23:19.213Z] [INFO] "final-1782123799021.png": {
[2026-06-22T10:23:19.213Z] [INFO] "device": "Desktop",
[2026-06-22T10:23:19.213Z] [INFO] "url": "https://google.com"
[2026-06-22T10:23:19.213Z] [INFO] "small-buttons-1782123798914.png": {
[2026-06-22T10:23:19.213Z] [INFO] },
[2026-06-22T10:23:19.213Z] [INFO] "page": "Desktop",
[2026-06-22T10:23:19.213Z] [INFO] "device": "Desktop",
[2026-06-22T10:23:19.213Z] [INFO] }
[2026-06-22T10:23:19.213Z] [INFO] "url": "https://google.com"
[2026-06-22T10:23:19.213Z] [INFO] }
[2026-06-22T10:23:19.216Z] [INFO] PROGRESS:100 Completed
[2026-06-22T10:23:19.245Z] [INFO] Job completed successfully
