[2026-06-22T13:09:03.899Z] [INFO] Job created and queued
[2026-06-22T13:09:03.903Z] [INFO] Job started
[2026-06-22T13:09:04.199Z] [INFO] PROGRESS:5 Launching browser...
[2026-06-22T13:09:04.210Z] [INFO] ✅ UI CHECKS RUNNING — Visual Defect Detection
[2026-06-22T13:09:04.211Z] [INFO] 🧹 Cleared old QA logs
[2026-06-22T13:09:04.213Z] [INFO] PROGRESS:15 Loading page...
[2026-06-22T13:09:04.612Z] [INFO] PROGRESS:20 Testing Desktop...
[2026-06-22T13:09:05.753Z] [INFO] ==============================
[2026-06-22T13:09:05.754Z] [INFO] 🚀 QA START: Desktop | Desktop
[2026-06-22T13:09:05.754Z] [INFO] ==============================
[2026-06-22T13:09:05.754Z] [INFO] ISSUES NOW: 0
[2026-06-22T13:09:05.806Z] [INFO] 🔧 Stabilizing...
[2026-06-22T13:09:07.319Z] [INFO] 📜 Scrolling...
[2026-06-22T13:09:10.323Z] [INFO] 🖼️ Waiting for images...
[2026-06-22T13:09:12.341Z] [INFO] 🔍 Running visual defect checks...
[2026-06-22T13:09:12.341Z] [INFO] 🚀 Calling popup detector...
[2026-06-22T13:09:12.341Z] [INFO] 🔍 [POPUP] Starting popup scan...
[2026-06-22T13:09:13.855Z] [INFO] ✅ [POPUP] No popup detected
[2026-06-22T13:09:13.892Z] [INFO] ENTRY BEING SAVED: {
[2026-06-22T13:09:13.892Z] [INFO] "url": "https://example.com",
[2026-06-22T13:09:13.892Z] [INFO] "page": "Desktop",
[2026-06-22T13:09:13.892Z] [INFO] "issues": [],
[2026-06-22T13:09:13.892Z] [INFO] "device": "Desktop",
[2026-06-22T13:09:13.892Z] [INFO] "screenshot": null,
[2026-06-22T13:09:13.892Z] [INFO] "timestamp": "2026-06-22T13:09:13.890Z"
[2026-06-22T13:09:13.892Z] [INFO] }
[2026-06-22T13:09:13.893Z] [INFO] ISSUES BEFORE PUSH: []
[2026-06-22T13:09:13.893Z] [INFO] WRITING REPORT: D:\Project\qaiachatbot\Keyword Finder\backend\ui-check\jobs\f1758c5f-1bc6-4b91-a94c-e2d386831c6c\qaReport.json
[2026-06-22T13:09:13.894Z] [INFO] LAST REPORT ENTRY: {
[2026-06-22T13:09:13.894Z] [INFO] 📝 Report written: 0 issue(s)
[2026-06-22T13:09:13.894Z] [INFO] "page": "Desktop",
[2026-06-22T13:09:13.894Z] [INFO] "url": "https://example.com",
[2026-06-22T13:09:13.895Z] [INFO] "device": "Desktop",
[2026-06-22T13:09:13.895Z] [INFO] "issues": [],
[2026-06-22T13:09:13.895Z] [INFO] "screenshot": null,
[2026-06-22T13:09:13.895Z] [INFO] "timestamp": "2026-06-22T13:09:13.890Z"
[2026-06-22T13:09:13.895Z] [INFO] }
[2026-06-22T13:09:13.895Z] [INFO] ✅ QA COMPLETE: 0 visual defect(s) found
[2026-06-22T13:09:13.948Z] [INFO] PROGRESS:85 Generating QA report...
[2026-06-22T13:09:13.950Z] [INFO] Report entries: 1
[2026-06-22T13:09:13.950Z] [INFO] "page": "Desktop",
[2026-06-22T13:09:13.950Z] [INFO] {
[2026-06-22T13:09:13.950Z] [INFO] "url": "https://example.com",
[2026-06-22T13:09:13.950Z] [INFO] "device": "Desktop",
[2026-06-22T13:09:13.950Z] [INFO] "issues": [],
[2026-06-22T13:09:13.950Z] [INFO] "screenshot": null,
[2026-06-22T13:09:13.950Z] [INFO] }
[2026-06-22T13:09:13.950Z] [INFO] "timestamp": "2026-06-22T13:09:13.890Z"
[2026-06-22T13:09:13.950Z] [INFO] Screenshot folder: D:\Project\qaiachatbot\Keyword Finder\backend\ui-check\jobs\f1758c5f-1bc6-4b91-a94c-e2d386831c6c\screenshots
[2026-06-22T13:09:13.950Z] [INFO] Files: []
[2026-06-22T13:09:13.950Z] [INFO] Folder exists: true
[2026-06-22T13:09:13.951Z] [INFO] === Screenshot Metadata Map ===
[2026-06-22T13:09:13.951Z] [INFO] {}
[2026-06-22T13:09:13.953Z] [INFO] PROGRESS:100 Completed
[2026-06-22T13:09:13.973Z] [INFO] Job completed successfully
