[2026-06-22T13:48:13.949Z] [INFO] Job created and queued
[2026-06-22T13:48:13.962Z] [INFO] Job started
[2026-06-22T13:48:16.493Z] [INFO] Job started
[2026-06-22T13:48:17.847Z] [INFO] Job started
[2026-06-22T13:48:19.241Z] [INFO] Job started
[2026-06-22T13:49:13.414Z] [INFO] Job started
[2026-06-22T13:49:15.914Z] [INFO] Job started
[2026-06-22T13:49:17.717Z] [INFO] Job started
[2026-06-22T13:49:20.462Z] [INFO] Job started
[2026-06-22T13:49:21.767Z] [INFO] Job started
[2026-06-22T13:49:25.800Z] [INFO] Job started
[2026-06-22T13:49:27.276Z] [INFO] Job started
[2026-06-22T13:49:30.307Z] [INFO] Job started
[2026-06-22T13:49:31.980Z] [INFO] Job started
[2026-06-22T13:49:33.423Z] [INFO] Job started
[2026-06-22T13:49:33.735Z] [INFO] PROGRESS:5 Launching browser...
[2026-06-22T13:49:33.748Z] [INFO] ✅ UI CHECKS RUNNING — Visual Defect Detection
[2026-06-22T13:49:33.750Z] [INFO] 🧹 Cleared old QA logs
[2026-06-22T13:49:33.751Z] [INFO] PROGRESS:15 Loading page...
[2026-06-22T13:49:35.113Z] [INFO] Job started
[2026-06-22T13:49:36.683Z] [INFO] Job started
[2026-06-22T13:49:38.440Z] [INFO] Job started
[2026-06-22T13:49:39.884Z] [INFO] Job started
[2026-06-22T13:49:41.912Z] [INFO] Job started
[2026-06-22T13:49:43.443Z] [INFO] Job started
[2026-06-22T13:49:45.172Z] [INFO] Job started
[2026-06-22T13:49:47.155Z] [INFO] Job started
[2026-06-22T13:49:48.818Z] [INFO] Job started
[2026-06-22T13:49:50.551Z] [INFO] Job started
[2026-06-22T13:49:52.494Z] [INFO] Job started
[2026-06-22T13:49:54.805Z] [INFO] Job started
[2026-06-22T13:49:57.366Z] [INFO] Job started
[2026-06-22T13:49:59.662Z] [INFO] Job started
[2026-06-22T13:50:01.542Z] [INFO] Job started
[2026-06-22T13:50:03.073Z] [INFO] Job started
[2026-06-22T13:50:04.432Z] [INFO] Job started
[2026-06-22T13:50:05.808Z] [INFO] Job started
[2026-06-22T13:50:07.142Z] [INFO] Job started
[2026-06-22T13:50:08.510Z] [INFO] Job started
[2026-06-22T13:50:10.407Z] [INFO] Job started
[2026-06-22T13:50:11.851Z] [INFO] Job started
[2026-06-22T13:50:13.121Z] [INFO] Job started
[2026-06-22T13:50:14.384Z] [INFO] Job started
[2026-06-22T13:50:15.700Z] [INFO] Job started
[2026-06-22T13:50:17.077Z] [INFO] Job started
[2026-06-22T13:50:18.492Z] [INFO] Job started
[2026-06-22T13:50:19.927Z] [INFO] Job started
[2026-06-22T13:50:21.227Z] [INFO] Job cancelled
[2026-06-22T13:50:21.242Z] [INFO] Job cancelled
