[2026-06-23T06:46:50.626Z] [INFO] Job created and queued
[2026-06-23T06:46:50.679Z] [INFO] Job started
[2026-06-23T06:46:51.702Z] [INFO] PROGRESS:5 Launching browser...
[2026-06-23T06:46:51.748Z] [INFO] ✅ UI CHECKS RUNNING — Visual Defect Detection
[2026-06-23T06:46:51.752Z] [INFO] 🧹 Cleared old QA logs
[2026-06-23T06:46:51.756Z] [INFO] PROGRESS:15 Loading page...
[2026-06-23T06:46:53.907Z] [INFO] PROGRESS:20 Testing Desktop...
[2026-06-23T06:47:01.029Z] [INFO] 🚀 QA START: Desktop | Desktop
[2026-06-23T06:47:01.025Z] [INFO] ==============================
[2026-06-23T06:47:01.030Z] [INFO] ==============================
[2026-06-23T06:47:01.032Z] [INFO] ISSUES NOW: 0
[2026-06-23T06:47:01.272Z] [INFO] 🔧 Stabilizing...
[2026-06-23T06:47:02.814Z] [INFO] 📜 Scrolling...
[2026-06-23T06:47:05.838Z] [INFO] 🖼️ Waiting for images...
[2026-06-23T06:47:07.865Z] [INFO] 🔍 Running visual defect checks...
[2026-06-23T06:47:07.866Z] [INFO] 🚀 Calling popup detector...
[2026-06-23T06:47:07.867Z] [INFO] 🔍 [POPUP] Starting popup scan...
[2026-06-23T06:47:09.386Z] [INFO] ✅ [POPUP] No popup detected
[2026-06-23T06:47:09.716Z] [INFO] "page": "Desktop",
[2026-06-23T06:47:09.716Z] [INFO] "url": "https://example.com",
[2026-06-23T06:47:09.715Z] [INFO] ENTRY BEING SAVED: {
[2026-06-23T06:47:09.717Z] [INFO] "device": "Desktop",
[2026-06-23T06:47:09.717Z] [INFO] "issues": [],
[2026-06-23T06:47:09.718Z] [INFO] "screenshot": null,
[2026-06-23T06:47:09.720Z] [INFO] "timestamp": "2026-06-23T06:47:09.712Z"
[2026-06-23T06:47:09.720Z] [INFO] }
[2026-06-23T06:47:09.723Z] [INFO] ISSUES BEFORE PUSH: []
[2026-06-23T06:47:09.728Z] [INFO] WRITING REPORT: D:\Project\qaiachatbot\Keyword Finder\backend\ui-check\jobs\269b7998-7632-41e2-b8d0-6d022eb71143\qaReport.json
[2026-06-23T06:47:09.734Z] [INFO] "page": "Desktop",
[2026-06-23T06:47:09.731Z] [INFO] 📝 Report written: 0 issue(s)
[2026-06-23T06:47:09.738Z] [INFO] "issues": [],
[2026-06-23T06:47:09.736Z] [INFO] "device": "Desktop",
[2026-06-23T06:47:09.740Z] [INFO] "screenshot": null,
[2026-06-23T06:47:09.742Z] [INFO] }
[2026-06-23T06:47:09.741Z] [INFO] "timestamp": "2026-06-23T06:47:09.712Z"
[2026-06-23T06:47:09.742Z] [INFO] ✅ QA COMPLETE: 0 visual defect(s) found
[2026-06-23T06:47:09.733Z] [INFO] LAST REPORT ENTRY: {
[2026-06-23T06:47:09.735Z] [INFO] "url": "https://example.com",
[2026-06-23T06:47:10.081Z] [INFO] PROGRESS:85 Generating QA report...
[2026-06-23T06:47:10.085Z] [INFO] Report entries: 1
[2026-06-23T06:47:10.085Z] [INFO] {
[2026-06-23T06:47:10.087Z] [INFO] "url": "https://example.com",
[2026-06-23T06:47:10.086Z] [INFO] "page": "Desktop",
[2026-06-23T06:47:10.088Z] [INFO] "issues": [],
[2026-06-23T06:47:10.087Z] [INFO] "device": "Desktop",
[2026-06-23T06:47:10.089Z] [INFO] "screenshot": null,
[2026-06-23T06:47:10.093Z] [INFO] "timestamp": "2026-06-23T06:47:09.712Z"
[2026-06-23T06:47:10.096Z] [INFO] Folder exists: true
[2026-06-23T06:47:10.096Z] [INFO] Files: []
[2026-06-23T06:47:10.097Z] [INFO] === Screenshot Metadata Map ===
[2026-06-23T06:47:10.095Z] [INFO] Screenshot folder: D:\Project\qaiachatbot\Keyword Finder\backend\ui-check\jobs\269b7998-7632-41e2-b8d0-6d022eb71143\screenshots
[2026-06-23T06:47:10.095Z] [INFO] }
[2026-06-23T06:47:10.098Z] [INFO] {}
[2026-06-23T06:47:10.099Z] [INFO] PROGRESS:100 Completed
[2026-06-23T06:47:10.169Z] [INFO] Job completed successfully
