[2026-06-22T13:08:25.036Z] [INFO] Job created and queued
[2026-06-22T13:08:25.041Z] [INFO] Job started
[2026-06-22T13:08:25.355Z] [INFO] PROGRESS:5 Initializing full site UI check...
[2026-06-22T13:08:25.367Z] [INFO] PROGRESS:10 Discovering URLs...
[2026-06-22T13:08:25.374Z] [INFO] [CRAWL] Starting URL discovery
[2026-06-22T13:08:25.375Z] [INFO] [CRAWL] Seed: https://example.com
[2026-06-22T13:08:25.375Z] [INFO] [CRAWL] Max depth: 5 | Max URLs: 5000
[2026-06-22T13:08:25.790Z] [INFO] [CRAWL] Found 1: https://example.com/
[2026-06-22T13:08:25.790Z] [INFO] [CRAWL] Scanning page 1 (depth 0, queue 0, found 1): https://example.com/
[2026-06-22T13:08:27.262Z] [INFO] [CRAWL] Found 2: https://example.com/domains/example
[2026-06-22T13:08:27.262Z] [INFO] [CRAWL] Page done — 1 link(s) checked, 1 new URL(s): https://example.com/
[2026-06-22T13:08:27.268Z] [INFO] [CRAWL] Scanning page 2 (depth 1, queue 0, found 2): https://example.com/domains/example
[2026-06-22T13:08:27.959Z] [INFO] [CRAWL] Page done — 1 link(s) checked, 0 new URL(s): https://example.com/domains/example
[2026-06-22T13:08:27.963Z] [INFO] [CRAWL] URL list:
[2026-06-22T13:08:27.963Z] [INFO] [CRAWL] Discovery complete — 2 URL(s) found
[2026-06-22T13:08:27.963Z] [INFO] 1. https://example.com/
[2026-06-22T13:08:27.963Z] [INFO] 2. https://example.com/domains/example
[2026-06-22T13:08:28.023Z] [INFO] PROGRESS:25 Found 2 URLs — scanning...
[2026-06-22T13:08:28.028Z] [ERROR] Error: Job not found
    at D:\Project\qaiachatbot\Keyword Finder\backend\shared\jobStore.js:132:21
[2026-06-22T13:08:28.051Z] [ERROR] Job failed with code 1
