[2026-06-22T12:48:46.971Z] [INFO] Job created and queued
[2026-06-22T12:48:46.983Z] [INFO] Job started
[2026-06-22T12:48:47.293Z] [INFO] PROGRESS:5 Initializing full site UI check...
[2026-06-22T12:48:47.303Z] [INFO] PROGRESS:10 Discovering URLs...
[2026-06-22T12:48:47.309Z] [INFO] [CRAWL] Starting URL discovery
[2026-06-22T12:48:47.309Z] [INFO] [CRAWL] Seed: https://stagedev.geniuswholesale.club
[2026-06-22T12:48:47.309Z] [INFO] [CRAWL] Max depth: 5 | Max URLs: 5000
[2026-06-22T12:48:47.744Z] [INFO] [CRAWL] Found 1: https://stagedev.geniuswholesale.club/
[2026-06-22T12:48:47.744Z] [INFO] [CRAWL] Scanning page 1 (depth 0, queue 0, found 1): https://stagedev.geniuswholesale.club/
[2026-06-22T12:48:50.585Z] [INFO] [CRAWL] Found 2: https://stagedev.geniuswholesale.club/wholesalehealthclub
[2026-06-22T12:48:50.586Z] [INFO] [CRAWL] Found 3: https://stagedev.geniuswholesale.club/whcinsta
[2026-06-22T12:48:50.588Z] [INFO] [CRAWL] Found 4: https://stagedev.geniuswholesale.club/company/wholesale-health-club
[2026-06-22T12:48:50.588Z] [INFO] [CRAWL] Found 5: https://stagedev.geniuswholesale.club/wholesalehealt3
[2026-06-22T12:48:50.589Z] [INFO] [CRAWL] Found 6: https://stagedev.geniuswholesale.club/create-membership
[2026-06-22T12:48:50.590Z] [INFO] [CRAWL] Found 7: https://stagedev.geniuswholesale.club/login
[2026-06-22T12:48:50.590Z] [INFO] [CRAWL] Found 8: https://stagedev.geniuswholesale.club/shop/supplements
[2026-06-22T12:48:50.591Z] [INFO] [CRAWL] Found 9: https://stagedev.geniuswholesale.club/about
[2026-06-22T12:48:50.592Z] [INFO] [CRAWL] Found 10: https://stagedev.geniuswholesale.club/faq
[2026-06-22T12:48:50.593Z] [INFO] [CRAWL] Found 11: https://stagedev.geniuswholesale.club/blog
[2026-06-22T12:48:50.593Z] [INFO] [CRAWL] Found 12: https://stagedev.geniuswholesale.club/term-and-condition
[2026-06-22T12:48:50.594Z] [INFO] [CRAWL] Found 13: https://stagedev.geniuswholesale.club/privacy-policy
[2026-06-22T12:48:50.595Z] [INFO] [CRAWL] Found 14: https://stagedev.geniuswholesale.club/citations
[2026-06-22T12:48:50.595Z] [INFO] [CRAWL] Found 15: https://stagedev.geniuswholesale.club/contact-us
[2026-06-22T12:48:50.596Z] [INFO] [CRAWL] Found 16: https://stagedev.geniuswholesale.club/cancel-my-subscription
[2026-06-22T12:48:50.596Z] [INFO] [CRAWL] Page done — 31 link(s) checked, 15 new URL(s): https://stagedev.geniuswholesale.club/
[2026-06-22T12:48:50.602Z] [INFO] [CRAWL] Scanning page 2 (depth 1, queue 14, found 16): https://stagedev.geniuswholesale.club/wholesalehealthclub
[2026-06-22T12:48:51.880Z] [INFO] [CRAWL] Page done — 31 link(s) checked, 0 new URL(s): https://stagedev.geniuswholesale.club/wholesalehealthclub
[2026-06-22T12:48:51.884Z] [INFO] [CRAWL] Scanning page 3 (depth 1, queue 13, found 16): https://stagedev.geniuswholesale.club/whcinsta
[2026-06-22T12:48:56.734Z] [INFO] [CRAWL] Page done — 32 link(s) checked, 0 new URL(s): https://stagedev.geniuswholesale.club/whcinsta
[2026-06-22T12:48:56.739Z] [INFO] [CRAWL] Scanning page 4 (depth 1, queue 12, found 16): https://stagedev.geniuswholesale.club/company/wholesale-health-club
[2026-06-22T12:48:58.756Z] [INFO] [CRAWL] Page done — 0 link(s) checked, 0 new URL(s): https://stagedev.geniuswholesale.club/company/wholesale-health-club
[2026-06-22T12:48:58.760Z] [INFO] [CRAWL] Scanning page 5 (depth 1, queue 11, found 16): https://stagedev.geniuswholesale.club/wholesalehealt3
[2026-06-22T12:49:03.800Z] [INFO] [CRAWL] Page done — 32 link(s) checked, 0 new URL(s): https://stagedev.geniuswholesale.club/wholesalehealt3
[2026-06-22T12:49:03.804Z] [INFO] [CRAWL] Scanning page 6 (depth 1, queue 10, found 16): https://stagedev.geniuswholesale.club/create-membership
[2026-06-22T12:49:07.596Z] [INFO] [CRAWL] Page done — 34 link(s) checked, 0 new URL(s): https://stagedev.geniuswholesale.club/create-membership
[2026-06-22T12:49:07.601Z] [INFO] [CRAWL] Scanning page 7 (depth 1, queue 9, found 16): https://stagedev.geniuswholesale.club/login
[2026-06-22T12:49:10.417Z] [INFO] [CRAWL] Found 17: https://stagedev.geniuswholesale.club/forget-password
[2026-06-22T12:49:10.417Z] [INFO] [CRAWL] Page done — 32 link(s) checked, 1 new URL(s): https://stagedev.geniuswholesale.club/login
[2026-06-22T12:49:10.422Z] [INFO] [CRAWL] Scanning page 8 (depth 1, queue 9, found 17): https://stagedev.geniuswholesale.club/shop/supplements
[2026-06-22T12:49:12.986Z] [INFO] [CRAWL] Page done — 31 link(s) checked, 0 new URL(s): https://stagedev.geniuswholesale.club/shop/supplements
[2026-06-22T12:49:12.990Z] [INFO] [CRAWL] Scanning page 9 (depth 1, queue 8, found 17): https://stagedev.geniuswholesale.club/about
[2026-06-22T12:49:16.484Z] [INFO] [CRAWL] Page done — 31 link(s) checked, 0 new URL(s): https://stagedev.geniuswholesale.club/about
[2026-06-22T12:49:16.488Z] [INFO] [CRAWL] Scanning page 10 (depth 1, queue 7, found 17): https://stagedev.geniuswholesale.club/faq
[2026-06-22T12:49:19.193Z] [INFO] [CRAWL] Page done — 31 link(s) checked, 0 new URL(s): https://stagedev.geniuswholesale.club/faq
[2026-06-22T12:49:19.197Z] [INFO] [CRAWL] Scanning page 11 (depth 1, queue 6, found 17): https://stagedev.geniuswholesale.club/blog
[2026-06-22T12:49:23.472Z] [INFO] [CRAWL] Page done — 31 link(s) checked, 0 new URL(s): https://stagedev.geniuswholesale.club/blog
[2026-06-22T12:49:23.476Z] [INFO] [CRAWL] Scanning page 12 (depth 1, queue 5, found 17): https://stagedev.geniuswholesale.club/term-and-condition
[2026-06-22T12:49:26.340Z] [INFO] [CRAWL] Page done — 31 link(s) checked, 0 new URL(s): https://stagedev.geniuswholesale.club/term-and-condition
[2026-06-22T12:49:26.343Z] [INFO] [CRAWL] Scanning page 13 (depth 1, queue 4, found 17): https://stagedev.geniuswholesale.club/privacy-policy
[2026-06-22T12:49:29.310Z] [INFO] [CRAWL] Page done — 31 link(s) checked, 0 new URL(s): https://stagedev.geniuswholesale.club/privacy-policy
[2026-06-22T12:49:29.314Z] [INFO] [CRAWL] Scanning page 14 (depth 1, queue 3, found 17): https://stagedev.geniuswholesale.club/citations
[2026-06-22T12:49:31.754Z] [INFO] [CRAWL] Page done — 31 link(s) checked, 0 new URL(s): https://stagedev.geniuswholesale.club/citations
[2026-06-22T12:49:31.758Z] [INFO] [CRAWL] Scanning page 15 (depth 1, queue 2, found 17): https://stagedev.geniuswholesale.club/contact-us
[2026-06-22T12:49:35.023Z] [INFO] [CRAWL] Page done — 34 link(s) checked, 0 new URL(s): https://stagedev.geniuswholesale.club/contact-us
[2026-06-22T12:49:35.027Z] [INFO] [CRAWL] Scanning page 16 (depth 1, queue 1, found 17): https://stagedev.geniuswholesale.club/cancel-my-subscription
[2026-06-22T12:49:38.790Z] [INFO] [CRAWL] Page done — 32 link(s) checked, 0 new URL(s): https://stagedev.geniuswholesale.club/cancel-my-subscription
[2026-06-22T12:49:38.793Z] [INFO] [CRAWL] Scanning page 17 (depth 2, queue 0, found 17): https://stagedev.geniuswholesale.club/forget-password
[2026-06-22T12:49:41.501Z] [INFO] [CRAWL] Found 18: https://stagedev.geniuswholesale.club/reset-password
[2026-06-22T12:49:41.501Z] [INFO] [CRAWL] Page done — 33 link(s) checked, 1 new URL(s): https://stagedev.geniuswholesale.club/forget-password
[2026-06-22T12:49:41.505Z] [INFO] [CRAWL] Scanning page 18 (depth 3, queue 0, found 18): https://stagedev.geniuswholesale.club/reset-password
[2026-06-22T12:49:44.050Z] [INFO] [CRAWL] Page done — 32 link(s) checked, 0 new URL(s): https://stagedev.geniuswholesale.club/reset-password
[2026-06-22T12:49:44.053Z] [INFO] [CRAWL] URL list:
[2026-06-22T12:49:44.053Z] [INFO] [CRAWL] Discovery complete — 18 URL(s) found
[2026-06-22T12:49:44.054Z] [INFO] 1. https://stagedev.geniuswholesale.club/
[2026-06-22T12:49:44.054Z] [INFO] 2. https://stagedev.geniuswholesale.club/wholesalehealthclub
[2026-06-22T12:49:44.054Z] [INFO] 3. https://stagedev.geniuswholesale.club/whcinsta
[2026-06-22T12:49:44.054Z] [INFO] 5. https://stagedev.geniuswholesale.club/wholesalehealt3
[2026-06-22T12:49:44.054Z] [INFO] 4. https://stagedev.geniuswholesale.club/company/wholesale-health-club
[2026-06-22T12:49:44.054Z] [INFO] 7. https://stagedev.geniuswholesale.club/login
[2026-06-22T12:49:44.054Z] [INFO] 8. https://stagedev.geniuswholesale.club/shop/supplements
[2026-06-22T12:49:44.054Z] [INFO] 9. https://stagedev.geniuswholesale.club/about
[2026-06-22T12:49:44.054Z] [INFO] 6. https://stagedev.geniuswholesale.club/create-membership
[2026-06-22T12:49:44.054Z] [INFO] 10. https://stagedev.geniuswholesale.club/faq
[2026-06-22T12:49:44.054Z] [INFO] 11. https://stagedev.geniuswholesale.club/blog
[2026-06-22T12:49:44.054Z] [INFO] 13. https://stagedev.geniuswholesale.club/privacy-policy
[2026-06-22T12:49:44.054Z] [INFO] 12. https://stagedev.geniuswholesale.club/term-and-condition
[2026-06-22T12:49:44.054Z] [INFO] 18. https://stagedev.geniuswholesale.club/reset-password
[2026-06-22T12:49:44.054Z] [INFO] 15. https://stagedev.geniuswholesale.club/contact-us
[2026-06-22T12:49:44.054Z] [INFO] 14. https://stagedev.geniuswholesale.club/citations
[2026-06-22T12:49:44.054Z] [INFO] 16. https://stagedev.geniuswholesale.club/cancel-my-subscription
[2026-06-22T12:49:44.054Z] [INFO] 17. https://stagedev.geniuswholesale.club/forget-password
[2026-06-22T12:49:44.106Z] [INFO] PROGRESS:25 Found 18 URLs — scanning...
[2026-06-22T12:49:44.108Z] [INFO] [TEST] Total URLs in queue: 18
[2026-06-22T12:49:44.108Z] [INFO] [TEST] Starting queue processing
[2026-06-22T12:49:44.205Z] [INFO] [TEST] Running 1/18: https://stagedev.geniuswholesale.club/
[2026-06-22T12:49:44.209Z] [INFO] [TEST]   Loading page (Desktop): https://stagedev.geniuswholesale.club/
[2026-06-22T12:49:46.237Z] [INFO] [TEST]   Running checks (Desktop): https://stagedev.geniuswholesale.club/
[2026-06-22T12:49:46.239Z] [INFO] [QA] Started: https://stagedev.geniuswholesale.club/ (Desktop)
[2026-06-22T12:50:17.992Z] [INFO] [QA] Done: https://stagedev.geniuswholesale.club/ — 6 issue(s)
[2026-06-22T12:50:17.999Z] [INFO] [TEST] Completed 1/18: https://stagedev.geniuswholesale.club/
[2026-06-22T12:50:18.000Z] [INFO] [TEST] Running 2/18: https://stagedev.geniuswholesale.club/wholesalehealthclub
[2026-06-22T12:50:18.002Z] [INFO] [TEST]   Loading page (Desktop): https://stagedev.geniuswholesale.club/wholesalehealthclub
[2026-06-22T12:50:18.219Z] [INFO] PROGRESS:90 Scanning pages... 1/1
[2026-06-22T12:50:20.225Z] [INFO] PROGRESS:90 Scanning pages... 1/1
[2026-06-22T12:50:20.777Z] [INFO] [TEST]   Running checks (Desktop): https://stagedev.geniuswholesale.club/wholesalehealthclub
[2026-06-22T12:50:20.778Z] [INFO] [QA] Started: https://stagedev.geniuswholesale.club/wholesalehealthclub (Desktop)
[2026-06-22T12:50:22.229Z] [INFO] PROGRESS:90 Scanning pages... 1/1
[2026-06-22T12:50:24.236Z] [INFO] PROGRESS:90 Scanning pages... 1/1
[2026-06-22T12:50:26.249Z] [INFO] PROGRESS:90 Scanning pages... 1/1
[2026-06-22T12:50:28.253Z] [INFO] PROGRESS:90 Scanning pages... 1/1
[2026-06-22T12:50:30.267Z] [INFO] PROGRESS:90 Scanning pages... 1/1
[2026-06-22T12:50:32.275Z] [INFO] PROGRESS:90 Scanning pages... 1/1
[2026-06-22T12:50:34.285Z] [INFO] PROGRESS:90 Scanning pages... 1/1
[2026-06-22T12:50:36.299Z] [INFO] PROGRESS:90 Scanning pages... 1/1
[2026-06-22T12:50:38.309Z] [INFO] PROGRESS:90 Scanning pages... 1/1
[2026-06-22T12:50:40.318Z] [INFO] PROGRESS:90 Scanning pages... 1/1
[2026-06-22T12:50:42.332Z] [INFO] PROGRESS:90 Scanning pages... 1/1
[2026-06-22T12:50:44.333Z] [INFO] PROGRESS:90 Scanning pages... 1/1
[2026-06-22T12:50:45.633Z] [INFO] [QA] Done: https://stagedev.geniuswholesale.club/wholesalehealthclub — 4 issue(s)
[2026-06-22T12:50:45.640Z] [INFO] [TEST] Completed 2/18: https://stagedev.geniuswholesale.club/wholesalehealthclub
[2026-06-22T12:50:45.641Z] [INFO] [TEST] Running 3/18: https://stagedev.geniuswholesale.club/whcinsta
[2026-06-22T12:50:45.643Z] [INFO] [TEST]   Loading page (Desktop): https://stagedev.geniuswholesale.club/whcinsta
[2026-06-22T12:50:46.334Z] [INFO] PROGRESS:90 Scanning pages... 2/2
[2026-06-22T12:50:47.482Z] [INFO] [TEST]   Running checks (Desktop): https://stagedev.geniuswholesale.club/whcinsta
[2026-06-22T12:50:47.483Z] [INFO] [QA] Started: https://stagedev.geniuswholesale.club/whcinsta (Desktop)
[2026-06-22T12:50:48.334Z] [INFO] PROGRESS:90 Scanning pages... 2/2
[2026-06-22T12:50:50.335Z] [INFO] PROGRESS:90 Scanning pages... 2/2
[2026-06-22T12:50:52.334Z] [INFO] PROGRESS:90 Scanning pages... 2/2
[2026-06-22T12:50:54.336Z] [INFO] PROGRESS:90 Scanning pages... 2/2
[2026-06-22T12:50:56.343Z] [INFO] PROGRESS:90 Scanning pages... 2/2
[2026-06-22T12:50:58.351Z] [INFO] PROGRESS:90 Scanning pages... 2/2
[2026-06-22T12:51:00.351Z] [INFO] PROGRESS:90 Scanning pages... 2/2
[2026-06-22T12:51:02.353Z] [INFO] PROGRESS:90 Scanning pages... 2/2
[2026-06-22T12:51:04.354Z] [INFO] PROGRESS:90 Scanning pages... 2/2
[2026-06-22T12:51:06.364Z] [INFO] PROGRESS:90 Scanning pages... 2/2
[2026-06-22T12:51:08.367Z] [INFO] PROGRESS:90 Scanning pages... 2/2
[2026-06-22T12:51:10.367Z] [INFO] PROGRESS:90 Scanning pages... 2/2
[2026-06-22T12:51:11.034Z] [INFO] [QA] Done: https://stagedev.geniuswholesale.club/whcinsta — 5 issue(s)
[2026-06-22T12:51:11.041Z] [INFO] [TEST] Completed 3/18: https://stagedev.geniuswholesale.club/whcinsta
[2026-06-22T12:51:11.041Z] [INFO] [TEST] Running 4/18: https://stagedev.geniuswholesale.club/company/wholesale-health-club
[2026-06-22T12:51:11.044Z] [INFO] [TEST]   Loading page (Desktop): https://stagedev.geniuswholesale.club/company/wholesale-health-club
[2026-06-22T12:51:12.375Z] [INFO] PROGRESS:90 Scanning pages... 3/3
[2026-06-22T12:51:13.046Z] [INFO] [TEST]   Running checks (Desktop): https://stagedev.geniuswholesale.club/company/wholesale-health-club
[2026-06-22T12:51:13.047Z] [INFO] [QA] Started: https://stagedev.geniuswholesale.club/company/wholesale-health-club (Desktop)
[2026-06-22T12:51:14.385Z] [INFO] PROGRESS:90 Scanning pages... 3/3
[2026-06-22T12:51:16.388Z] [INFO] PROGRESS:90 Scanning pages... 3/3
[2026-06-22T12:51:18.388Z] [INFO] PROGRESS:90 Scanning pages... 3/3
[2026-06-22T12:51:20.400Z] [INFO] PROGRESS:90 Scanning pages... 3/3
[2026-06-22T12:51:22.403Z] [INFO] PROGRESS:90 Scanning pages... 3/3
[2026-06-22T12:51:24.417Z] [INFO] PROGRESS:90 Scanning pages... 3/3
[2026-06-22T12:51:26.416Z] [INFO] PROGRESS:90 Scanning pages... 3/3
[2026-06-22T12:51:28.416Z] [INFO] PROGRESS:90 Scanning pages... 3/3
[2026-06-22T12:51:30.419Z] [INFO] PROGRESS:90 Scanning pages... 3/3
[2026-06-22T12:51:32.420Z] [INFO] PROGRESS:90 Scanning pages... 3/3
[2026-06-22T12:51:34.434Z] [INFO] PROGRESS:90 Scanning pages... 3/3
[2026-06-22T12:51:36.264Z] [INFO] [QA] Done: https://stagedev.geniuswholesale.club/company/wholesale-health-club — 2 issue(s)
[2026-06-22T12:51:36.271Z] [INFO] [TEST] Completed 4/18: https://stagedev.geniuswholesale.club/company/wholesale-health-club
[2026-06-22T12:51:36.271Z] [INFO] [TEST] Running 5/18: https://stagedev.geniuswholesale.club/wholesalehealt3
[2026-06-22T12:51:36.273Z] [INFO] [TEST]   Loading page (Desktop): https://stagedev.geniuswholesale.club/wholesalehealt3
[2026-06-22T12:51:36.436Z] [INFO] PROGRESS:90 Scanning pages... 4/4
[2026-06-22T12:51:38.450Z] [INFO] PROGRESS:90 Scanning pages... 4/4
[2026-06-22T12:51:40.457Z] [INFO] PROGRESS:90 Scanning pages... 4/4
[2026-06-22T12:51:40.673Z] [INFO] [TEST]   Running checks (Desktop): https://stagedev.geniuswholesale.club/wholesalehealt3
[2026-06-22T12:51:40.674Z] [INFO] [QA] Started: https://stagedev.geniuswholesale.club/wholesalehealt3 (Desktop)
[2026-06-22T12:51:42.468Z] [INFO] PROGRESS:90 Scanning pages... 4/4
[2026-06-22T12:51:44.481Z] [INFO] PROGRESS:90 Scanning pages... 4/4
[2026-06-22T12:51:46.483Z] [INFO] PROGRESS:90 Scanning pages... 4/4
[2026-06-22T12:51:48.482Z] [INFO] PROGRESS:90 Scanning pages... 4/4
[2026-06-22T12:51:50.484Z] [INFO] PROGRESS:90 Scanning pages... 4/4
[2026-06-22T12:51:52.499Z] [INFO] PROGRESS:90 Scanning pages... 4/4
[2026-06-22T12:51:54.498Z] [INFO] PROGRESS:90 Scanning pages... 4/4
[2026-06-22T12:51:56.501Z] [INFO] PROGRESS:90 Scanning pages... 4/4
[2026-06-22T12:51:58.516Z] [INFO] PROGRESS:90 Scanning pages... 4/4
[2026-06-22T12:52:00.515Z] [INFO] PROGRESS:90 Scanning pages... 4/4
[2026-06-22T12:52:02.517Z] [INFO] PROGRESS:90 Scanning pages... 4/4
[2026-06-22T12:52:04.245Z] [INFO] [QA] Done: https://stagedev.geniuswholesale.club/wholesalehealt3 — 5 issue(s)
[2026-06-22T12:52:04.253Z] [INFO] [TEST] Running 6/18: https://stagedev.geniuswholesale.club/create-membership
[2026-06-22T12:52:04.252Z] [INFO] [TEST] Completed 5/18: https://stagedev.geniuswholesale.club/wholesalehealt3
[2026-06-22T12:52:04.255Z] [INFO] [TEST]   Loading page (Desktop): https://stagedev.geniuswholesale.club/create-membership
[2026-06-22T12:52:04.531Z] [INFO] PROGRESS:90 Scanning pages... 5/5
[2026-06-22T12:52:06.531Z] [INFO] PROGRESS:90 Scanning pages... 5/5
[2026-06-22T12:52:07.210Z] [INFO] [TEST]   Running checks (Desktop): https://stagedev.geniuswholesale.club/create-membership
[2026-06-22T12:52:07.210Z] [INFO] [QA] Started: https://stagedev.geniuswholesale.club/create-membership (Desktop)
[2026-06-22T12:52:08.532Z] [INFO] PROGRESS:90 Scanning pages... 5/5
[2026-06-22T12:52:10.548Z] [INFO] PROGRESS:90 Scanning pages... 5/5
[2026-06-22T12:52:12.548Z] [INFO] PROGRESS:90 Scanning pages... 5/5
[2026-06-22T12:52:14.548Z] [INFO] PROGRESS:90 Scanning pages... 5/5
[2026-06-22T12:52:16.549Z] [INFO] PROGRESS:90 Scanning pages... 5/5
[2026-06-22T12:52:18.549Z] [INFO] PROGRESS:90 Scanning pages... 5/5
[2026-06-22T12:52:20.549Z] [INFO] PROGRESS:90 Scanning pages... 5/5
[2026-06-22T12:52:22.550Z] [INFO] PROGRESS:90 Scanning pages... 5/5
[2026-06-22T12:52:24.565Z] [INFO] PROGRESS:90 Scanning pages... 5/5
[2026-06-22T12:52:26.565Z] [INFO] PROGRESS:90 Scanning pages... 5/5
[2026-06-22T12:52:28.565Z] [INFO] PROGRESS:90 Scanning pages... 5/5
[2026-06-22T12:52:30.565Z] [INFO] PROGRESS:90 Scanning pages... 5/5
[2026-06-22T12:52:32.566Z] [INFO] PROGRESS:90 Scanning pages... 5/5
[2026-06-22T12:52:34.573Z] [INFO] PROGRESS:90 Scanning pages... 5/5
[2026-06-22T12:52:35.686Z] [INFO] [QA] Done: https://stagedev.geniuswholesale.club/create-membership — 6 issue(s)
[2026-06-22T12:52:35.695Z] [INFO] [TEST] Completed 6/18: https://stagedev.geniuswholesale.club/create-membership
[2026-06-22T12:52:35.695Z] [INFO] [TEST] Running 7/18: https://stagedev.geniuswholesale.club/login
[2026-06-22T12:52:35.700Z] [INFO] [TEST]   Loading page (Desktop): https://stagedev.geniuswholesale.club/login
[2026-06-22T12:52:36.582Z] [INFO] PROGRESS:90 Scanning pages... 6/6
[2026-06-22T12:52:38.590Z] [INFO] PROGRESS:90 Scanning pages... 6/6
[2026-06-22T12:52:40.602Z] [INFO] PROGRESS:90 Scanning pages... 6/6
[2026-06-22T12:52:42.434Z] [INFO] [TEST]   Running checks (Desktop): https://stagedev.geniuswholesale.club/login
[2026-06-22T12:52:42.434Z] [INFO] [QA] Started: https://stagedev.geniuswholesale.club/login (Desktop)
[2026-06-22T12:52:42.608Z] [INFO] PROGRESS:90 Scanning pages... 6/6
[2026-06-22T12:52:44.617Z] [INFO] PROGRESS:90 Scanning pages... 6/6
[2026-06-22T12:52:46.625Z] [INFO] PROGRESS:90 Scanning pages... 6/6
[2026-06-22T12:52:48.626Z] [INFO] PROGRESS:90 Scanning pages... 6/6
[2026-06-22T12:52:50.640Z] [INFO] PROGRESS:90 Scanning pages... 6/6
[2026-06-22T12:52:52.643Z] [INFO] PROGRESS:90 Scanning pages... 6/6
[2026-06-22T12:52:54.643Z] [INFO] PROGRESS:90 Scanning pages... 6/6
[2026-06-22T12:52:56.658Z] [INFO] PROGRESS:90 Scanning pages... 6/6
[2026-06-22T12:52:58.664Z] [INFO] PROGRESS:90 Scanning pages... 6/6
[2026-06-22T12:53:00.666Z] [INFO] PROGRESS:90 Scanning pages... 6/6
[2026-06-22T12:53:02.681Z] [INFO] PROGRESS:90 Scanning pages... 6/6
[2026-06-22T12:53:04.693Z] [INFO] PROGRESS:90 Scanning pages... 6/6
[2026-06-22T12:53:06.696Z] [INFO] PROGRESS:90 Scanning pages... 6/6
[2026-06-22T12:53:07.678Z] [INFO] [QA] Done: https://stagedev.geniuswholesale.club/login — 6 issue(s)
[2026-06-22T12:53:07.684Z] [INFO] [TEST] Completed 7/18: https://stagedev.geniuswholesale.club/login
[2026-06-22T12:53:07.685Z] [INFO] [TEST] Running 8/18: https://stagedev.geniuswholesale.club/shop/supplements
[2026-06-22T12:53:07.687Z] [INFO] [TEST]   Loading page (Desktop): https://stagedev.geniuswholesale.club/shop/supplements
[2026-06-22T12:53:08.696Z] [INFO] PROGRESS:90 Scanning pages... 7/7
[2026-06-22T12:53:10.697Z] [INFO] PROGRESS:90 Scanning pages... 7/7
[2026-06-22T12:53:10.753Z] [INFO] [TEST]   Running checks (Desktop): https://stagedev.geniuswholesale.club/shop/supplements
[2026-06-22T12:53:10.754Z] [INFO] [QA] Started: https://stagedev.geniuswholesale.club/shop/supplements (Desktop)
[2026-06-22T12:53:12.709Z] [INFO] PROGRESS:90 Scanning pages... 7/7
[2026-06-22T12:53:14.712Z] [INFO] PROGRESS:90 Scanning pages... 7/7
[2026-06-22T12:53:16.713Z] [INFO] PROGRESS:90 Scanning pages... 7/7
[2026-06-22T12:53:18.714Z] [INFO] PROGRESS:90 Scanning pages... 7/7
[2026-06-22T12:53:20.714Z] [INFO] PROGRESS:90 Scanning pages... 7/7
[2026-06-22T12:53:22.715Z] [INFO] PROGRESS:90 Scanning pages... 7/7
[2026-06-22T12:53:24.717Z] [INFO] PROGRESS:90 Scanning pages... 7/7
[2026-06-22T12:53:26.731Z] [INFO] PROGRESS:90 Scanning pages... 7/7
[2026-06-22T12:53:28.730Z] [INFO] PROGRESS:90 Scanning pages... 7/7
[2026-06-22T12:53:30.745Z] [INFO] PROGRESS:90 Scanning pages... 7/7
[2026-06-22T12:53:32.746Z] [INFO] PROGRESS:90 Scanning pages... 7/7
[2026-06-22T12:53:34.748Z] [INFO] PROGRESS:90 Scanning pages... 7/7
[2026-06-22T12:53:36.751Z] [INFO] PROGRESS:90 Scanning pages... 7/7
[2026-06-22T12:53:38.208Z] [INFO] [QA] Done: https://stagedev.geniuswholesale.club/shop/supplements — 5 issue(s)
[2026-06-22T12:53:38.218Z] [INFO] [TEST] Completed 8/18: https://stagedev.geniuswholesale.club/shop/supplements
[2026-06-22T12:53:38.218Z] [INFO] [TEST] Running 9/18: https://stagedev.geniuswholesale.club/about
[2026-06-22T12:53:38.221Z] [INFO] [TEST]   Loading page (Desktop): https://stagedev.geniuswholesale.club/about
[2026-06-22T12:53:38.764Z] [INFO] PROGRESS:90 Scanning pages... 8/8
[2026-06-22T12:53:40.779Z] [INFO] PROGRESS:90 Scanning pages... 8/8
[2026-06-22T12:53:42.178Z] [INFO] [TEST]   Running checks (Desktop): https://stagedev.geniuswholesale.club/about
[2026-06-22T12:53:42.178Z] [INFO] [QA] Started: https://stagedev.geniuswholesale.club/about (Desktop)
[2026-06-22T12:53:42.781Z] [INFO] PROGRESS:90 Scanning pages... 8/8
[2026-06-22T12:53:44.794Z] [INFO] PROGRESS:90 Scanning pages... 8/8
[2026-06-22T12:53:46.796Z] [INFO] PROGRESS:90 Scanning pages... 8/8
[2026-06-22T12:53:48.796Z] [INFO] PROGRESS:90 Scanning pages... 8/8
[2026-06-22T12:53:50.813Z] [INFO] PROGRESS:90 Scanning pages... 8/8
[2026-06-22T12:53:52.813Z] [INFO] PROGRESS:90 Scanning pages... 8/8
[2026-06-22T12:53:54.813Z] [INFO] PROGRESS:90 Scanning pages... 8/8
[2026-06-22T12:53:56.827Z] [INFO] PROGRESS:90 Scanning pages... 8/8
[2026-06-22T12:53:58.829Z] [INFO] PROGRESS:90 Scanning pages... 8/8
[2026-06-22T12:54:00.830Z] [INFO] PROGRESS:90 Scanning pages... 8/8
[2026-06-22T12:54:02.840Z] [INFO] PROGRESS:90 Scanning pages... 8/8
[2026-06-22T12:54:04.845Z] [INFO] PROGRESS:90 Scanning pages... 8/8
[2026-06-22T12:54:06.126Z] [INFO] [QA] Done: https://stagedev.geniuswholesale.club/about — 5 issue(s)
[2026-06-22T12:54:06.133Z] [INFO] [TEST] Completed 9/18: https://stagedev.geniuswholesale.club/about
[2026-06-22T12:54:06.133Z] [INFO] [TEST] Running 10/18: https://stagedev.geniuswholesale.club/faq
[2026-06-22T12:54:06.136Z] [INFO] [TEST]   Loading page (Desktop): https://stagedev.geniuswholesale.club/faq
[2026-06-22T12:54:06.846Z] [INFO] PROGRESS:90 Scanning pages... 9/9
[2026-06-22T12:54:08.716Z] [INFO] [TEST]   Running checks (Desktop): https://stagedev.geniuswholesale.club/faq
[2026-06-22T12:54:08.716Z] [INFO] [QA] Started: https://stagedev.geniuswholesale.club/faq (Desktop)
[2026-06-22T12:54:08.846Z] [INFO] PROGRESS:90 Scanning pages... 9/9
[2026-06-22T12:54:10.860Z] [INFO] PROGRESS:90 Scanning pages... 9/9
[2026-06-22T12:54:12.862Z] [INFO] PROGRESS:90 Scanning pages... 9/9
[2026-06-22T12:54:14.862Z] [INFO] PROGRESS:90 Scanning pages... 9/9
[2026-06-22T12:54:16.862Z] [INFO] PROGRESS:90 Scanning pages... 9/9
[2026-06-22T12:54:18.864Z] [INFO] PROGRESS:90 Scanning pages... 9/9
[2026-06-22T12:54:20.876Z] [INFO] PROGRESS:90 Scanning pages... 9/9
[2026-06-22T12:54:22.879Z] [INFO] PROGRESS:90 Scanning pages... 9/9
[2026-06-22T12:54:24.882Z] [INFO] PROGRESS:90 Scanning pages... 9/9
[2026-06-22T12:54:26.893Z] [INFO] PROGRESS:90 Scanning pages... 9/9
[2026-06-22T12:54:28.906Z] [INFO] PROGRESS:90 Scanning pages... 9/9
[2026-06-22T12:54:30.911Z] [INFO] PROGRESS:90 Scanning pages... 9/9
[2026-06-22T12:54:32.265Z] [INFO] [QA] Done: https://stagedev.geniuswholesale.club/faq — 4 issue(s)
[2026-06-22T12:54:32.272Z] [INFO] [TEST] Completed 10/18: https://stagedev.geniuswholesale.club/faq
[2026-06-22T12:54:32.272Z] [INFO] [TEST] Running 11/18: https://stagedev.geniuswholesale.club/blog
[2026-06-22T12:54:32.274Z] [INFO] [TEST]   Loading page (Desktop): https://stagedev.geniuswholesale.club/blog
[2026-06-22T12:54:32.911Z] [INFO] PROGRESS:90 Scanning pages... 10/10
[2026-06-22T12:54:34.911Z] [INFO] PROGRESS:90 Scanning pages... 10/10
[2026-06-22T12:54:35.511Z] [INFO] [TEST]   Running checks (Desktop): https://stagedev.geniuswholesale.club/blog
[2026-06-22T12:54:35.512Z] [INFO] [QA] Started: https://stagedev.geniuswholesale.club/blog (Desktop)
[2026-06-22T12:54:36.912Z] [INFO] PROGRESS:90 Scanning pages... 10/10
[2026-06-22T12:54:38.926Z] [INFO] PROGRESS:90 Scanning pages... 10/10
[2026-06-22T12:54:40.929Z] [INFO] PROGRESS:90 Scanning pages... 10/10
[2026-06-22T12:54:42.943Z] [INFO] PROGRESS:90 Scanning pages... 10/10
[2026-06-22T12:54:44.944Z] [INFO] PROGRESS:90 Scanning pages... 10/10
[2026-06-22T12:54:46.944Z] [INFO] PROGRESS:90 Scanning pages... 10/10
[2026-06-22T12:54:48.944Z] [INFO] PROGRESS:90 Scanning pages... 10/10
[2026-06-22T12:54:50.960Z] [INFO] PROGRESS:90 Scanning pages... 10/10
[2026-06-22T12:54:52.961Z] [INFO] PROGRESS:90 Scanning pages... 10/10
[2026-06-22T12:54:54.977Z] [INFO] PROGRESS:90 Scanning pages... 10/10
[2026-06-22T12:54:56.977Z] [INFO] PROGRESS:90 Scanning pages... 10/10
[2026-06-22T12:54:58.820Z] [INFO] [QA] Done: https://stagedev.geniuswholesale.club/blog — 2 issue(s)
[2026-06-22T12:54:58.826Z] [INFO] [TEST] Completed 11/18: https://stagedev.geniuswholesale.club/blog
[2026-06-22T12:54:58.826Z] [INFO] [TEST] Running 12/18: https://stagedev.geniuswholesale.club/term-and-condition
[2026-06-22T12:54:58.829Z] [INFO] [TEST]   Loading page (Desktop): https://stagedev.geniuswholesale.club/term-and-condition
[2026-06-22T12:54:58.993Z] [INFO] PROGRESS:90 Scanning pages... 11/11
[2026-06-22T12:55:01.002Z] [INFO] PROGRESS:90 Scanning pages... 11/11
[2026-06-22T12:55:01.466Z] [INFO] [TEST]   Running checks (Desktop): https://stagedev.geniuswholesale.club/term-and-condition
[2026-06-22T12:55:01.467Z] [INFO] [QA] Started: https://stagedev.geniuswholesale.club/term-and-condition (Desktop)
[2026-06-22T12:55:03.011Z] [INFO] PROGRESS:90 Scanning pages... 11/11
[2026-06-22T12:55:05.011Z] [INFO] PROGRESS:90 Scanning pages... 11/11
[2026-06-22T12:55:07.011Z] [INFO] PROGRESS:90 Scanning pages... 11/11
[2026-06-22T12:55:09.010Z] [INFO] PROGRESS:90 Scanning pages... 11/11
[2026-06-22T12:55:11.026Z] [INFO] PROGRESS:90 Scanning pages... 11/11
[2026-06-22T12:55:13.027Z] [INFO] PROGRESS:90 Scanning pages... 11/11
[2026-06-22T12:55:15.028Z] [INFO] PROGRESS:90 Scanning pages... 11/11
[2026-06-22T12:55:17.043Z] [INFO] PROGRESS:90 Scanning pages... 11/11
[2026-06-22T12:55:19.057Z] [INFO] PROGRESS:90 Scanning pages... 11/11
[2026-06-22T12:55:21.059Z] [INFO] PROGRESS:90 Scanning pages... 11/11
[2026-06-22T12:55:23.061Z] [INFO] PROGRESS:90 Scanning pages... 11/11
[2026-06-22T12:55:25.063Z] [INFO] PROGRESS:90 Scanning pages... 11/11
[2026-06-22T12:55:27.074Z] [INFO] PROGRESS:90 Scanning pages... 11/11
[2026-06-22T12:55:29.081Z] [INFO] PROGRESS:90 Scanning pages... 11/11
[2026-06-22T12:55:29.384Z] [INFO] [QA] Done: https://stagedev.geniuswholesale.club/term-and-condition — 5 issue(s)
[2026-06-22T12:55:29.392Z] [INFO] [TEST] Completed 12/18: https://stagedev.geniuswholesale.club/term-and-condition
[2026-06-22T12:55:29.392Z] [INFO] [TEST] Running 13/18: https://stagedev.geniuswholesale.club/privacy-policy
[2026-06-22T12:55:29.395Z] [INFO] [TEST]   Loading page (Desktop): https://stagedev.geniuswholesale.club/privacy-policy
[2026-06-22T12:55:31.092Z] [INFO] PROGRESS:90 Scanning pages... 12/12
[2026-06-22T12:55:33.099Z] [INFO] PROGRESS:90 Scanning pages... 12/12
[2026-06-22T12:55:35.105Z] [INFO] PROGRESS:90 Scanning pages... 12/12
[2026-06-22T12:55:35.817Z] [INFO] [TEST]   Running checks (Desktop): https://stagedev.geniuswholesale.club/privacy-policy
[2026-06-22T12:55:35.818Z] [INFO] [QA] Started: https://stagedev.geniuswholesale.club/privacy-policy (Desktop)
[2026-06-22T12:55:37.114Z] [INFO] PROGRESS:90 Scanning pages... 12/12
[2026-06-22T12:55:39.127Z] [INFO] PROGRESS:90 Scanning pages... 12/12
[2026-06-22T12:55:41.127Z] [INFO] PROGRESS:90 Scanning pages... 12/12
[2026-06-22T12:55:43.127Z] [INFO] PROGRESS:90 Scanning pages... 12/12
[2026-06-22T12:55:45.142Z] [INFO] PROGRESS:90 Scanning pages... 12/12
[2026-06-22T12:55:47.143Z] [INFO] PROGRESS:90 Scanning pages... 12/12
[2026-06-22T12:55:49.143Z] [INFO] PROGRESS:90 Scanning pages... 12/12
[2026-06-22T12:55:51.157Z] [INFO] PROGRESS:90 Scanning pages... 12/12
[2026-06-22T12:55:53.170Z] [INFO] PROGRESS:90 Scanning pages... 12/12
[2026-06-22T12:55:55.176Z] [INFO] PROGRESS:90 Scanning pages... 12/12
[2026-06-22T12:55:57.182Z] [INFO] PROGRESS:90 Scanning pages... 12/12
[2026-06-22T12:55:59.185Z] [INFO] PROGRESS:90 Scanning pages... 12/12
[2026-06-22T12:56:01.195Z] [INFO] PROGRESS:90 Scanning pages... 12/12
[2026-06-22T12:56:01.717Z] [INFO] [QA] Done: https://stagedev.geniuswholesale.club/privacy-policy — 5 issue(s)
[2026-06-22T12:56:01.729Z] [INFO] [TEST] Completed 13/18: https://stagedev.geniuswholesale.club/privacy-policy
[2026-06-22T12:56:01.729Z] [INFO] [TEST] Running 14/18: https://stagedev.geniuswholesale.club/citations
[2026-06-22T12:56:01.732Z] [INFO] [TEST]   Loading page (Desktop): https://stagedev.geniuswholesale.club/citations
[2026-06-22T12:56:03.199Z] [INFO] PROGRESS:90 Scanning pages... 13/13
[2026-06-22T12:56:04.768Z] [INFO] [TEST]   Running checks (Desktop): https://stagedev.geniuswholesale.club/citations
[2026-06-22T12:56:04.768Z] [INFO] [QA] Started: https://stagedev.geniuswholesale.club/citations (Desktop)
[2026-06-22T12:56:05.210Z] [INFO] PROGRESS:90 Scanning pages... 13/13
[2026-06-22T12:56:07.212Z] [INFO] PROGRESS:90 Scanning pages... 13/13
[2026-06-22T12:56:09.225Z] [INFO] PROGRESS:90 Scanning pages... 13/13
[2026-06-22T12:56:11.226Z] [INFO] PROGRESS:90 Scanning pages... 13/13
[2026-06-22T12:56:13.226Z] [INFO] PROGRESS:90 Scanning pages... 13/13
[2026-06-22T12:56:15.225Z] [INFO] PROGRESS:90 Scanning pages... 13/13
[2026-06-22T12:56:17.224Z] [INFO] PROGRESS:90 Scanning pages... 13/13
[2026-06-22T12:56:19.226Z] [INFO] PROGRESS:90 Scanning pages... 13/13
[2026-06-22T12:56:21.241Z] [INFO] PROGRESS:90 Scanning pages... 13/13
[2026-06-22T12:56:23.241Z] [INFO] PROGRESS:90 Scanning pages... 13/13
[2026-06-22T12:56:25.252Z] [INFO] PROGRESS:90 Scanning pages... 13/13
[2026-06-22T12:56:27.256Z] [INFO] PROGRESS:90 Scanning pages... 13/13
[2026-06-22T12:56:28.476Z] [INFO] [QA] Done: https://stagedev.geniuswholesale.club/citations — 5 issue(s)
[2026-06-22T12:56:28.482Z] [INFO] [TEST] Completed 14/18: https://stagedev.geniuswholesale.club/citations
[2026-06-22T12:56:28.482Z] [INFO] [TEST] Running 15/18: https://stagedev.geniuswholesale.club/contact-us
[2026-06-22T12:56:28.484Z] [INFO] [TEST]   Loading page (Desktop): https://stagedev.geniuswholesale.club/contact-us
[2026-06-22T12:56:29.257Z] [INFO] PROGRESS:90 Scanning pages... 14/14
[2026-06-22T12:56:30.793Z] [INFO] [TEST]   Running checks (Desktop): https://stagedev.geniuswholesale.club/contact-us
[2026-06-22T12:56:30.793Z] [INFO] [QA] Started: https://stagedev.geniuswholesale.club/contact-us (Desktop)
[2026-06-22T12:56:31.273Z] [INFO] PROGRESS:90 Scanning pages... 14/14
[2026-06-22T12:56:33.272Z] [INFO] PROGRESS:90 Scanning pages... 14/14
[2026-06-22T12:56:35.274Z] [INFO] PROGRESS:90 Scanning pages... 14/14
[2026-06-22T12:56:37.274Z] [INFO] PROGRESS:90 Scanning pages... 14/14
[2026-06-22T12:56:39.274Z] [INFO] PROGRESS:90 Scanning pages... 14/14
[2026-06-22T12:56:41.289Z] [INFO] PROGRESS:90 Scanning pages... 14/14
[2026-06-22T12:56:43.291Z] [INFO] PROGRESS:90 Scanning pages... 14/14
[2026-06-22T12:56:45.307Z] [INFO] PROGRESS:90 Scanning pages... 14/14
[2026-06-22T12:56:47.322Z] [INFO] PROGRESS:90 Scanning pages... 14/14
[2026-06-22T12:56:49.324Z] [INFO] PROGRESS:90 Scanning pages... 14/14
[2026-06-22T12:56:51.338Z] [INFO] PROGRESS:90 Scanning pages... 14/14
[2026-06-22T12:56:53.341Z] [INFO] PROGRESS:90 Scanning pages... 14/14
[2026-06-22T12:56:54.469Z] [INFO] [QA] Done: https://stagedev.geniuswholesale.club/contact-us — 4 issue(s)
[2026-06-22T12:56:54.477Z] [INFO] [TEST] Completed 15/18: https://stagedev.geniuswholesale.club/contact-us
[2026-06-22T12:56:54.477Z] [INFO] [TEST] Running 16/18: https://stagedev.geniuswholesale.club/cancel-my-subscription
[2026-06-22T12:56:54.480Z] [INFO] [TEST]   Loading page (Desktop): https://stagedev.geniuswholesale.club/cancel-my-subscription
[2026-06-22T12:56:55.340Z] [INFO] PROGRESS:90 Scanning pages... 15/15
[2026-06-22T12:56:57.253Z] [INFO] [TEST]   Running checks (Desktop): https://stagedev.geniuswholesale.club/cancel-my-subscription
[2026-06-22T12:56:57.254Z] [INFO] [QA] Started: https://stagedev.geniuswholesale.club/cancel-my-subscription (Desktop)
[2026-06-22T12:56:57.351Z] [INFO] PROGRESS:90 Scanning pages... 15/15
[2026-06-22T12:56:59.359Z] [INFO] PROGRESS:90 Scanning pages... 15/15
[2026-06-22T12:57:01.373Z] [INFO] PROGRESS:90 Scanning pages... 15/15
[2026-06-22T12:57:03.374Z] [INFO] PROGRESS:90 Scanning pages... 15/15
[2026-06-22T12:57:05.391Z] [INFO] PROGRESS:90 Scanning pages... 15/15
[2026-06-22T12:57:07.407Z] [INFO] PROGRESS:90 Scanning pages... 15/15
[2026-06-22T12:57:09.408Z] [INFO] PROGRESS:90 Scanning pages... 15/15
[2026-06-22T12:57:11.422Z] [INFO] PROGRESS:90 Scanning pages... 15/15
[2026-06-22T12:57:13.430Z] [INFO] PROGRESS:90 Scanning pages... 15/15
[2026-06-22T12:57:15.442Z] [INFO] PROGRESS:90 Scanning pages... 15/15
[2026-06-22T12:57:17.456Z] [INFO] PROGRESS:90 Scanning pages... 15/15
[2026-06-22T12:57:19.455Z] [INFO] PROGRESS:90 Scanning pages... 15/15
[2026-06-22T12:57:20.800Z] [INFO] [QA] Done: https://stagedev.geniuswholesale.club/cancel-my-subscription — 5 issue(s)
[2026-06-22T12:57:20.807Z] [INFO] [TEST] Completed 16/18: https://stagedev.geniuswholesale.club/cancel-my-subscription
[2026-06-22T12:57:20.807Z] [INFO] [TEST] Running 17/18: https://stagedev.geniuswholesale.club/forget-password
[2026-06-22T12:57:20.810Z] [INFO] [TEST]   Loading page (Desktop): https://stagedev.geniuswholesale.club/forget-password
[2026-06-22T12:57:21.471Z] [INFO] PROGRESS:90 Scanning pages... 16/16
[2026-06-22T12:57:23.481Z] [INFO] PROGRESS:90 Scanning pages... 16/16
[2026-06-22T12:57:23.987Z] [INFO] [TEST]   Running checks (Desktop): https://stagedev.geniuswholesale.club/forget-password
[2026-06-22T12:57:23.988Z] [INFO] [QA] Started: https://stagedev.geniuswholesale.club/forget-password (Desktop)
[2026-06-22T12:57:25.490Z] [INFO] PROGRESS:90 Scanning pages... 16/16
[2026-06-22T12:57:27.499Z] [INFO] PROGRESS:90 Scanning pages... 16/16
[2026-06-22T12:57:29.508Z] [INFO] PROGRESS:90 Scanning pages... 16/16
[2026-06-22T12:57:31.508Z] [INFO] PROGRESS:90 Scanning pages... 16/16
[2026-06-22T12:57:33.520Z] [INFO] PROGRESS:90 Scanning pages... 16/16
[2026-06-22T12:57:35.526Z] [INFO] PROGRESS:90 Scanning pages... 16/16
[2026-06-22T12:57:37.528Z] [INFO] PROGRESS:90 Scanning pages... 16/16
[2026-06-22T12:57:39.539Z] [INFO] PROGRESS:90 Scanning pages... 16/16
[2026-06-22T12:57:41.548Z] [INFO] PROGRESS:90 Scanning pages... 16/16
[2026-06-22T12:57:43.547Z] [INFO] PROGRESS:90 Scanning pages... 16/16
[2026-06-22T12:57:45.548Z] [INFO] PROGRESS:90 Scanning pages... 16/16
[2026-06-22T12:57:47.550Z] [INFO] PROGRESS:90 Scanning pages... 16/16
[2026-06-22T12:57:49.080Z] [INFO] [QA] Done: https://stagedev.geniuswholesale.club/forget-password — 6 issue(s)
[2026-06-22T12:57:49.087Z] [INFO] [TEST] Completed 17/18: https://stagedev.geniuswholesale.club/forget-password
[2026-06-22T12:57:49.087Z] [INFO] [TEST] Running 18/18: https://stagedev.geniuswholesale.club/reset-password
[2026-06-22T12:57:49.090Z] [INFO] [TEST]   Loading page (Desktop): https://stagedev.geniuswholesale.club/reset-password
[2026-06-22T12:57:49.555Z] [INFO] PROGRESS:90 Scanning pages... 17/17
[2026-06-22T12:57:51.525Z] [INFO] [TEST]   Running checks (Desktop): https://stagedev.geniuswholesale.club/reset-password
[2026-06-22T12:57:51.526Z] [INFO] [QA] Started: https://stagedev.geniuswholesale.club/reset-password (Desktop)
[2026-06-22T12:57:51.567Z] [INFO] PROGRESS:90 Scanning pages... 17/17
[2026-06-22T12:57:53.583Z] [INFO] PROGRESS:90 Scanning pages... 17/17
[2026-06-22T12:57:55.598Z] [INFO] PROGRESS:90 Scanning pages... 17/17
[2026-06-22T12:57:57.611Z] [INFO] PROGRESS:90 Scanning pages... 17/17
[2026-06-22T12:57:59.624Z] [INFO] PROGRESS:90 Scanning pages... 17/17
[2026-06-22T12:58:01.637Z] [INFO] PROGRESS:90 Scanning pages... 17/17
[2026-06-22T12:58:03.637Z] [INFO] PROGRESS:90 Scanning pages... 17/17
[2026-06-22T12:58:05.640Z] [INFO] PROGRESS:90 Scanning pages... 17/17
[2026-06-22T12:58:07.642Z] [INFO] PROGRESS:90 Scanning pages... 17/17
[2026-06-22T12:58:09.654Z] [INFO] PROGRESS:90 Scanning pages... 17/17
[2026-06-22T12:58:11.658Z] [INFO] PROGRESS:90 Scanning pages... 17/17
[2026-06-22T12:58:13.671Z] [INFO] PROGRESS:90 Scanning pages... 17/17
[2026-06-22T12:58:15.680Z] [INFO] PROGRESS:90 Scanning pages... 17/17
[2026-06-22T12:58:17.004Z] [INFO] [QA] Done: https://stagedev.geniuswholesale.club/reset-password — 6 issue(s)
[2026-06-22T12:58:17.014Z] [INFO] [TEST] Completed 18/18: https://stagedev.geniuswholesale.club/reset-password
[2026-06-22T12:58:17.096Z] [INFO] [TEST] Generating HTML report...
[2026-06-22T12:58:17.095Z] [INFO] [TEST] Queue finished — 18/18 URL(s) processed
[2026-06-22T12:58:17.142Z] [INFO] PROGRESS:100 Completed
[2026-06-22T12:58:17.142Z] [INFO] [PDF] Skipped — HTML report at: D:\Project\qaiachatbot\Keyword Finder\backend\full-ui-check\jobs\6e427448-7a18-4459-b2c8-560548f434e7\qa-report.html
[2026-06-22T12:58:17.172Z] [INFO] Job completed successfully
