[2026-06-22T13:07:17.688Z] [INFO] Job created and queued
[2026-06-22T13:07:17.893Z] [INFO] Job started
[2026-06-22T13:07:18.564Z] [INFO] PROGRESS:10 Initializing SEO audit...
[2026-06-22T13:07:18.570Z] [INFO] PROGRESS:20 Running SEO checks...
[2026-06-22T13:07:18.571Z] [INFO] 🧪 DEBUG: FULL SITEMAP MODE STARTED
[2026-06-22T13:07:18.571Z] [INFO] 🧪 MODE RECEIVED IN ENGINE: single
[2026-06-22T13:07:18.572Z] [INFO] ⚡ Running SINGLE URL SEO mode
[2026-06-22T13:07:18.573Z] [INFO] ✅ FINAL MODE: single
[2026-06-22T13:07:18.573Z] [INFO] 📄 Total URLs to scan: 1
[2026-06-22T13:07:18.573Z] [INFO] 📦 TOTAL BATCHES: 1
[2026-06-22T13:07:18.573Z] [INFO] 📏 BATCH SIZE: 50
[2026-06-22T13:07:18.676Z] [INFO] 🚀 Starting Playwright scan (headless)...
[2026-06-22T13:07:18.677Z] [INFO] 📄 Total URLs to scan: 1
[2026-06-22T13:07:18.677Z] [INFO] 🌐 Browser launched (headless) using Chromium
[2026-06-22T13:07:18.677Z] [INFO] 📄 URLs in batch: 1
[2026-06-22T13:07:18.677Z] [INFO] 📦 Processing batch 1/1
[2026-06-22T13:07:18.677Z] [INFO] [1/1] 🔎 Opening: https://example.com
[2026-06-22T13:07:18.677Z] [INFO] ⏳ Waiting for DOM load...
[2026-06-22T13:07:18.678Z] [INFO] 🔍 Running SEO checks...
[2026-06-22T13:07:23.049Z] [INFO] ✅ Completed: https://example.com
[2026-06-22T13:07:23.050Z] [INFO] 🎉 All pages processed. Generating reports...
[2026-06-22T13:07:23.050Z] [INFO] ✅ Completed batch 1/1
[2026-06-22T13:07:23.103Z] [INFO] PROGRESS:85 Generating QA report...
[2026-06-22T13:07:23.103Z] [INFO] PROGRESS:100 Completed
[2026-06-22T13:07:23.130Z] [INFO] Job completed successfully
