[2026-06-22T13:07:23.948Z] [INFO] Job created and queued
[2026-06-22T13:07:23.952Z] [INFO] Job started
[2026-06-22T13:07:24.255Z] [INFO] PROGRESS:5 Launching browser...
[2026-06-22T13:07:24.265Z] [INFO] ✅ UI CHECKS RUNNING — Visual Defect Detection
[2026-06-22T13:07:24.266Z] [INFO] 🧹 Cleared old QA logs
[2026-06-22T13:07:24.268Z] [INFO] PROGRESS:15 Loading page...
[2026-06-22T13:07:24.668Z] [INFO] PROGRESS:20 Testing Desktop...
[2026-06-22T13:07:25.500Z] [INFO] 🚀 QA START: Desktop | Desktop
[2026-06-22T13:07:25.499Z] [INFO] ==============================
[2026-06-22T13:07:25.500Z] [INFO] ISSUES NOW: 0
[2026-06-22T13:07:25.500Z] [INFO] ==============================
[2026-06-22T13:07:25.556Z] [INFO] 🔧 Stabilizing...
[2026-06-22T13:07:27.077Z] [INFO] 📜 Scrolling...
[2026-06-22T13:07:30.092Z] [INFO] 🖼️ Waiting for images...
[2026-06-22T13:07:32.112Z] [INFO] 🚀 Calling popup detector...
[2026-06-22T13:07:32.111Z] [INFO] 🔍 Running visual defect checks...
[2026-06-22T13:07:32.112Z] [INFO] 🔍 [POPUP] Starting popup scan...
[2026-06-22T13:07:33.625Z] [INFO] ✅ [POPUP] No popup detected
[2026-06-22T13:07:33.663Z] [INFO] ENTRY BEING SAVED: {
[2026-06-22T13:07:33.663Z] [INFO] "device": "Desktop",
[2026-06-22T13:07:33.663Z] [INFO] "url": "https://example.com",
[2026-06-22T13:07:33.663Z] [INFO] "page": "Desktop",
[2026-06-22T13:07:33.663Z] [INFO] "issues": [],
[2026-06-22T13:07:33.663Z] [INFO] "screenshot": null,
[2026-06-22T13:07:33.663Z] [INFO] "timestamp": "2026-06-22T13:07:33.661Z"
[2026-06-22T13:07:33.663Z] [INFO] }
[2026-06-22T13:07:33.663Z] [INFO] WRITING REPORT: D:\Project\qaiachatbot\Keyword Finder\backend\ui-check\jobs\46eb49f4-245e-450f-9075-9540f6fd6c7f\qaReport.json
[2026-06-22T13:07:33.663Z] [INFO] ISSUES BEFORE PUSH: []
[2026-06-22T13:07:33.665Z] [INFO] 📝 Report written: 0 issue(s)
[2026-06-22T13:07:33.666Z] [INFO] LAST REPORT ENTRY: {
[2026-06-22T13:07:33.666Z] [INFO] "page": "Desktop",
[2026-06-22T13:07:33.666Z] [INFO] "url": "https://example.com",
[2026-06-22T13:07:33.666Z] [INFO] "screenshot": null,
[2026-06-22T13:07:33.666Z] [INFO] "issues": [],
[2026-06-22T13:07:33.666Z] [INFO] "device": "Desktop",
[2026-06-22T13:07:33.666Z] [INFO] "timestamp": "2026-06-22T13:07:33.661Z"
[2026-06-22T13:07:33.666Z] [INFO] }
[2026-06-22T13:07:33.666Z] [INFO] ✅ QA COMPLETE: 0 visual defect(s) found
[2026-06-22T13:07:33.726Z] [INFO] PROGRESS:85 Generating QA report...
[2026-06-22T13:07:33.728Z] [INFO] Report entries: 1
[2026-06-22T13:07:33.728Z] [INFO] "page": "Desktop",
[2026-06-22T13:07:33.728Z] [INFO] "url": "https://example.com",
[2026-06-22T13:07:33.728Z] [INFO] {
[2026-06-22T13:07:33.728Z] [INFO] "issues": [],
[2026-06-22T13:07:33.728Z] [INFO] "device": "Desktop",
[2026-06-22T13:07:33.728Z] [INFO] "screenshot": null,
[2026-06-22T13:07:33.728Z] [INFO] "timestamp": "2026-06-22T13:07:33.661Z"
[2026-06-22T13:07:33.728Z] [INFO] }
[2026-06-22T13:07:33.728Z] [INFO] Screenshot folder: D:\Project\qaiachatbot\Keyword Finder\backend\ui-check\jobs\46eb49f4-245e-450f-9075-9540f6fd6c7f\screenshots
[2026-06-22T13:07:33.728Z] [INFO] Folder exists: true
[2026-06-22T13:07:33.728Z] [INFO] Files: []
[2026-06-22T13:07:33.729Z] [INFO] === Screenshot Metadata Map ===
[2026-06-22T13:07:33.729Z] [INFO] {}
[2026-06-22T13:07:33.731Z] [INFO] PROGRESS:100 Completed
[2026-06-22T13:07:33.750Z] [INFO] Job completed successfully
