[2026-06-22T13:08:12.920Z] [INFO] Job created and queued
[2026-06-22T13:08:12.931Z] [INFO] Job started
[2026-06-22T13:08:13.230Z] [INFO] PROGRESS:5 Launching browser...
[2026-06-22T13:08:13.241Z] [INFO] ✅ UI CHECKS RUNNING — Visual Defect Detection
[2026-06-22T13:08:13.242Z] [INFO] 🧹 Cleared old QA logs
[2026-06-22T13:08:13.243Z] [INFO] PROGRESS:15 Loading page...
[2026-06-22T13:08:13.637Z] [INFO] PROGRESS:20 Testing Desktop...
[2026-06-22T13:08:14.984Z] [INFO] ==============================
[2026-06-22T13:08:14.984Z] [INFO] 🚀 QA START: Desktop | Desktop
[2026-06-22T13:08:14.984Z] [INFO] ISSUES NOW: 0
[2026-06-22T13:08:14.984Z] [INFO] ==============================
[2026-06-22T13:08:15.043Z] [INFO] 🔧 Stabilizing...
[2026-06-22T13:08:16.558Z] [INFO] 📜 Scrolling...
[2026-06-22T13:08:19.572Z] [INFO] 🖼️ Waiting for images...
[2026-06-22T13:08:21.591Z] [INFO] 🔍 Running visual defect checks...
[2026-06-22T13:08:21.591Z] [INFO] 🚀 Calling popup detector...
[2026-06-22T13:08:21.591Z] [INFO] 🔍 [POPUP] Starting popup scan...
[2026-06-22T13:08:23.094Z] [INFO] ✅ [POPUP] No popup detected
[2026-06-22T13:08:23.132Z] [INFO] ENTRY BEING SAVED: {
[2026-06-22T13:08:23.132Z] [INFO] "url": "https://example.com",
[2026-06-22T13:08:23.132Z] [INFO] "page": "Desktop",
[2026-06-22T13:08:23.132Z] [INFO] "device": "Desktop",
[2026-06-22T13:08:23.132Z] [INFO] "timestamp": "2026-06-22T13:08:23.132Z"
[2026-06-22T13:08:23.132Z] [INFO] "issues": [],
[2026-06-22T13:08:23.132Z] [INFO] "screenshot": null,
[2026-06-22T13:08:23.132Z] [INFO] }
[2026-06-22T13:08:23.132Z] [INFO] WRITING REPORT: D:\Project\qaiachatbot\Keyword Finder\backend\ui-check\jobs\b70c7dfd-1646-47b1-be19-19064ddc50eb\qaReport.json
[2026-06-22T13:08:23.132Z] [INFO] ISSUES BEFORE PUSH: []
[2026-06-22T13:08:23.134Z] [INFO] 📝 Report written: 0 issue(s)
[2026-06-22T13:08:23.134Z] [INFO] LAST REPORT ENTRY: {
[2026-06-22T13:08:23.134Z] [INFO] "page": "Desktop",
[2026-06-22T13:08:23.134Z] [INFO] "url": "https://example.com",
[2026-06-22T13:08:23.134Z] [INFO] "device": "Desktop",
[2026-06-22T13:08:23.134Z] [INFO] "screenshot": null,
[2026-06-22T13:08:23.134Z] [INFO] "issues": [],
[2026-06-22T13:08:23.134Z] [INFO] "timestamp": "2026-06-22T13:08:23.132Z"
[2026-06-22T13:08:23.134Z] [INFO] }
[2026-06-22T13:08:23.134Z] [INFO] ✅ QA COMPLETE: 0 visual defect(s) found
[2026-06-22T13:08:23.193Z] [INFO] PROGRESS:85 Generating QA report...
[2026-06-22T13:08:23.195Z] [INFO] Report entries: 1
[2026-06-22T13:08:23.195Z] [INFO] "page": "Desktop",
[2026-06-22T13:08:23.195Z] [INFO] "url": "https://example.com",
[2026-06-22T13:08:23.195Z] [INFO] {
[2026-06-22T13:08:23.195Z] [INFO] "device": "Desktop",
[2026-06-22T13:08:23.195Z] [INFO] "issues": [],
[2026-06-22T13:08:23.195Z] [INFO] "timestamp": "2026-06-22T13:08:23.132Z"
[2026-06-22T13:08:23.195Z] [INFO] "screenshot": null,
[2026-06-22T13:08:23.195Z] [INFO] }
[2026-06-22T13:08:23.195Z] [INFO] Screenshot folder: D:\Project\qaiachatbot\Keyword Finder\backend\ui-check\jobs\b70c7dfd-1646-47b1-be19-19064ddc50eb\screenshots
[2026-06-22T13:08:23.195Z] [INFO] Files: []
[2026-06-22T13:08:23.195Z] [INFO] Folder exists: true
[2026-06-22T13:08:23.196Z] [INFO] === Screenshot Metadata Map ===
[2026-06-22T13:08:23.196Z] [INFO] {}
[2026-06-22T13:08:23.197Z] [INFO] PROGRESS:100 Completed
[2026-06-22T13:08:23.219Z] [INFO] Job completed successfully
