[2026-06-22T13:50:43.724Z] [INFO] Job created and queued
[2026-06-22T13:50:43.735Z] [INFO] Job started
[2026-06-22T13:50:45.029Z] [INFO] Job started
[2026-06-22T13:50:46.268Z] [INFO] Job started
[2026-06-22T13:50:47.532Z] [INFO] Job started
[2026-06-22T13:50:48.757Z] [INFO] Job started
[2026-06-22T13:50:50.226Z] [INFO] Job started
[2026-06-22T13:50:51.506Z] [INFO] Job started
[2026-06-22T14:08:56.336Z] [INFO] Job started
[2026-06-22T14:08:57.653Z] [INFO] Job started
[2026-06-22T14:08:59.099Z] [INFO] Job started
[2026-06-22T14:09:00.430Z] [INFO] Job started
[2026-06-22T14:09:01.751Z] [INFO] Job started
[2026-06-22T14:09:03.020Z] [INFO] Job started
[2026-06-22T14:09:04.266Z] [INFO] Job started
[2026-06-22T14:09:05.549Z] [INFO] Job started
[2026-06-22T14:09:06.906Z] [INFO] Job started
[2026-06-22T14:09:08.291Z] [INFO] Job started
[2026-06-22T14:09:09.540Z] [INFO] Job started
[2026-06-22T14:09:10.949Z] [INFO] Job started
[2026-06-22T14:09:12.576Z] [INFO] Job started
[2026-06-22T14:09:14.268Z] [INFO] Job started
[2026-06-22T14:09:15.790Z] [INFO] Job started
[2026-06-22T14:09:17.183Z] [INFO] Job started
[2026-06-22T14:09:18.694Z] [INFO] Job started
[2026-06-22T14:09:20.148Z] [INFO] Job started
[2026-06-22T14:09:21.494Z] [INFO] Job started
[2026-06-22T14:09:22.982Z] [INFO] Job started
[2026-06-22T14:09:24.364Z] [INFO] Job started
[2026-06-22T14:09:31.716Z] [INFO] Job started
[2026-06-22T14:09:32.960Z] [INFO] Job started
[2026-06-22T14:09:34.168Z] [INFO] Job started
[2026-06-22T14:09:41.414Z] [INFO] Job started
[2026-06-22T14:09:42.658Z] [INFO] Job started
[2026-06-22T14:09:43.973Z] [INFO] Job started
[2026-06-22T14:11:20.176Z] [INFO] Job started
[2026-06-22T14:11:20.482Z] [INFO] PROGRESS:5 Launching browser...
[2026-06-22T14:11:20.494Z] [INFO] ✅ UI CHECKS RUNNING — Visual Defect Detection
[2026-06-22T14:11:20.495Z] [INFO] 🧹 Cleared old QA logs
[2026-06-22T14:11:20.497Z] [INFO] PROGRESS:15 Loading page...
[2026-06-22T14:11:20.968Z] [INFO] PROGRESS:20 Testing Desktop...
[2026-06-22T14:11:25.265Z] [INFO] ==============================
[2026-06-22T14:11:25.265Z] [INFO] 🚀 QA START: Desktop | Desktop
[2026-06-22T14:11:25.266Z] [INFO] ==============================
[2026-06-22T14:11:25.266Z] [INFO] ISSUES NOW: 0
[2026-06-22T14:11:25.361Z] [INFO] 🔧 Stabilizing...
[2026-06-22T14:11:26.900Z] [INFO] 📜 Scrolling...
[2026-06-22T14:11:29.911Z] [INFO] 🖼️ Waiting for images...
[2026-06-22T14:11:31.937Z] [INFO] 🔍 Running visual defect checks...
[2026-06-22T14:11:31.938Z] [INFO] 🚀 Calling popup detector...
[2026-06-22T14:11:31.938Z] [INFO] 🔍 [POPUP] Starting popup scan...
[2026-06-22T14:11:33.447Z] [INFO] ✅ [POPUP] No popup detected
[2026-06-22T14:11:33.496Z] [INFO] ENTRY BEING SAVED: {
[2026-06-22T14:11:33.496Z] [INFO] "page": "Desktop",
[2026-06-22T14:11:33.496Z] [INFO] "url": "https://example.com",
[2026-06-22T14:11:33.497Z] [INFO] "issues": [],
[2026-06-22T14:11:33.496Z] [INFO] "device": "Desktop",
[2026-06-22T14:11:33.497Z] [INFO] "screenshot": null,
[2026-06-22T14:11:33.497Z] [INFO] }
[2026-06-22T14:11:33.497Z] [INFO] ISSUES BEFORE PUSH: []
[2026-06-22T14:11:33.497Z] [INFO] "timestamp": "2026-06-22T14:11:33.505Z"
[2026-06-22T14:11:33.498Z] [INFO] WRITING REPORT: D:\Project\qaiachatbot\Keyword Finder\backend\ui-check\jobs\240270f3-dffb-435e-adaa-a2db2b05e109\qaReport.json
[2026-06-22T14:11:33.498Z] [INFO] 📝 Report written: 0 issue(s)
[2026-06-22T14:11:33.498Z] [INFO] LAST REPORT ENTRY: {
[2026-06-22T14:11:33.498Z] [INFO] "page": "Desktop",
[2026-06-22T14:11:33.499Z] [INFO] "url": "https://example.com",
[2026-06-22T14:11:33.499Z] [INFO] "device": "Desktop",
[2026-06-22T14:11:33.499Z] [INFO] "issues": [],
[2026-06-22T14:11:33.499Z] [INFO] "screenshot": null,
[2026-06-22T14:11:33.499Z] [INFO] "timestamp": "2026-06-22T14:11:33.505Z"
[2026-06-22T14:11:33.500Z] [INFO] ✅ QA COMPLETE: 0 visual defect(s) found
[2026-06-22T14:11:33.499Z] [INFO] }
[2026-06-22T14:11:33.583Z] [INFO] PROGRESS:85 Generating QA report...
[2026-06-22T14:11:33.586Z] [INFO] Report entries: 1
[2026-06-22T14:11:33.586Z] [INFO] {
[2026-06-22T14:11:33.587Z] [INFO] "page": "Desktop",
[2026-06-22T14:11:33.587Z] [INFO] "url": "https://example.com",
[2026-06-22T14:11:33.587Z] [INFO] "device": "Desktop",
[2026-06-22T14:11:33.587Z] [INFO] "screenshot": null,
[2026-06-22T14:11:33.587Z] [INFO] "issues": [],
[2026-06-22T14:11:33.588Z] [INFO] "timestamp": "2026-06-22T14:11:33.505Z"
[2026-06-22T14:11:33.588Z] [INFO] }
[2026-06-22T14:11:33.588Z] [INFO] Screenshot folder: D:\Project\qaiachatbot\Keyword Finder\backend\ui-check\jobs\240270f3-dffb-435e-adaa-a2db2b05e109\screenshots
[2026-06-22T14:11:33.588Z] [INFO] Folder exists: true
[2026-06-22T14:11:33.589Z] [INFO] Files: []
[2026-06-22T14:11:33.589Z] [INFO] === Screenshot Metadata Map ===
[2026-06-22T14:11:33.590Z] [INFO] {}
[2026-06-22T14:11:33.590Z] [INFO] PROGRESS:100 Completed
[2026-06-22T14:11:33.612Z] [INFO] Job completed successfully
