[2026-06-22T13:08:59.818Z] [INFO] Job created and queued
[2026-06-22T13:08:59.825Z] [INFO] Job started
[2026-06-22T13:09:00.417Z] [INFO] PROGRESS:10 Initializing SEO audit...
[2026-06-22T13:09:00.422Z] [INFO] PROGRESS:20 Running SEO checks...
[2026-06-22T13:09:00.423Z] [INFO] 🧪 DEBUG: FULL SITEMAP MODE STARTED
[2026-06-22T13:09:00.423Z] [INFO] 🧪 MODE RECEIVED IN ENGINE: single
[2026-06-22T13:09:00.424Z] [INFO] ⚡ Running SINGLE URL SEO mode
[2026-06-22T13:09:00.424Z] [INFO] ✅ FINAL MODE: single
[2026-06-22T13:09:00.424Z] [INFO] 📄 Total URLs to scan: 1
[2026-06-22T13:09:00.425Z] [INFO] 📦 TOTAL BATCHES: 1
[2026-06-22T13:09:00.425Z] [INFO] 📏 BATCH SIZE: 50
[2026-06-22T13:09:00.520Z] [INFO] 📄 Total URLs to scan: 1
[2026-06-22T13:09:00.520Z] [INFO] 🚀 Starting Playwright scan (headless)...
[2026-06-22T13:09:00.521Z] [INFO] 🌐 Browser launched (headless) using Chromium
[2026-06-22T13:09:00.521Z] [INFO] 📄 URLs in batch: 1
[2026-06-22T13:09:00.521Z] [INFO] 📦 Processing batch 1/1
[2026-06-22T13:09:00.521Z] [INFO] [1/1] 🔎 Opening: https://example.com
[2026-06-22T13:09:00.522Z] [INFO] 🔍 Running SEO checks...
[2026-06-22T13:09:00.521Z] [INFO] ⏳ Waiting for DOM load...
[2026-06-22T13:09:02.706Z] [INFO] ✅ Completed: https://example.com
[2026-06-22T13:09:02.706Z] [INFO] 🎉 All pages processed. Generating reports...
[2026-06-22T13:09:02.706Z] [INFO] ✅ Completed batch 1/1
[2026-06-22T13:09:02.760Z] [INFO] PROGRESS:85 Generating QA report...
[2026-06-22T13:09:02.761Z] [INFO] PROGRESS:100 Completed
[2026-06-22T13:09:02.785Z] [INFO] Job completed successfully
