[2026-06-22T12:45:48.103Z] [INFO] Job created and queued
[2026-06-22T12:45:48.108Z] [INFO] Job started
[2026-06-22T12:45:48.732Z] [INFO] PROGRESS:10 Initializing SEO audit...
[2026-06-22T12:45:48.738Z] [INFO] PROGRESS:20 Running SEO checks...
[2026-06-22T12:45:48.738Z] [INFO] 🧪 DEBUG: FULL SITEMAP MODE STARTED
[2026-06-22T12:45:48.739Z] [INFO] 🧪 MODE RECEIVED IN ENGINE: single
[2026-06-22T12:45:48.740Z] [INFO] ⚡ Running SINGLE URL SEO mode
[2026-06-22T12:45:48.740Z] [INFO] 📄 Total URLs to scan: 1
[2026-06-22T12:45:48.740Z] [INFO] 📏 BATCH SIZE: 50
[2026-06-22T12:45:48.740Z] [INFO] ✅ FINAL MODE: single
[2026-06-22T12:45:48.740Z] [INFO] 📦 TOTAL BATCHES: 1
[2026-06-22T12:45:48.846Z] [INFO] 🚀 Starting Playwright scan (headless)...
[2026-06-22T12:45:48.847Z] [INFO] 📄 Total URLs to scan: 1
[2026-06-22T12:45:48.847Z] [INFO] 🌐 Browser launched (headless) using Chromium
[2026-06-22T12:45:48.847Z] [INFO] 📦 Processing batch 1/1
[2026-06-22T12:45:48.847Z] [INFO] 📄 URLs in batch: 1
[2026-06-22T12:45:48.847Z] [INFO] ⏳ Waiting for DOM load...
[2026-06-22T12:45:48.848Z] [INFO] 🔍 Running SEO checks...
[2026-06-22T12:45:48.847Z] [INFO] [1/1] 🔎 Opening: https://example.com
[2026-06-22T12:45:53.386Z] [INFO] ✅ Completed: https://example.com
[2026-06-22T12:45:53.387Z] [INFO] ✅ Completed batch 1/1
[2026-06-22T12:45:53.387Z] [INFO] 🎉 All pages processed. Generating reports...
[2026-06-22T12:45:53.435Z] [INFO] PROGRESS:85 Generating QA report...
[2026-06-22T12:45:53.436Z] [INFO] PROGRESS:100 Completed
[2026-06-22T12:45:53.461Z] [INFO] Job completed successfully
