[2026-06-23T12:13:39.609Z] [INFO] Job created and queued
[2026-06-23T12:13:39.619Z] [INFO] Job started
[2026-06-23T12:13:39.961Z] [INFO] PROGRESS:5 Launching browser...
[2026-06-23T12:13:39.975Z] [INFO] ✅ UI CHECKS RUNNING — Visual Defect Detection
[2026-06-23T12:13:39.977Z] [INFO] 🧹 Cleared old QA logs
[2026-06-23T12:13:39.979Z] [INFO] PROGRESS:15 Loading page...
[2026-06-23T12:13:40.485Z] [INFO] PROGRESS:20 Testing Desktop...
[2026-06-23T12:13:45.455Z] [INFO] 🚀 QA START: Desktop | Desktop
[2026-06-23T12:13:45.456Z] [INFO] ISSUES NOW: 0
[2026-06-23T12:13:45.454Z] [INFO] ==============================
[2026-06-23T12:13:45.455Z] [INFO] ==============================
[2026-06-23T12:13:45.555Z] [INFO] 🔧 Stabilizing...
[2026-06-23T12:13:47.069Z] [INFO] 📜 Scrolling...
[2026-06-23T12:13:50.080Z] [INFO] 🖼️ Waiting for images...
[2026-06-23T12:13:52.103Z] [INFO] 🔍 Running visual defect checks...
[2026-06-23T12:13:52.103Z] [INFO] 🚀 Calling popup detector...
[2026-06-23T12:13:52.103Z] [INFO] 🔍 [POPUP] Starting popup scan...
[2026-06-23T12:13:53.617Z] [INFO] ✅ [POPUP] No popup detected
[2026-06-23T12:13:53.663Z] [INFO] ENTRY BEING SAVED: {
[2026-06-23T12:13:53.663Z] [INFO] "url": "https://example.com",
[2026-06-23T12:13:53.663Z] [INFO] "page": "Desktop",
[2026-06-23T12:13:53.663Z] [INFO] "device": "Desktop",
[2026-06-23T12:13:53.664Z] [INFO] "issues": [],
[2026-06-23T12:13:53.664Z] [INFO] "screenshot": null,
[2026-06-23T12:13:53.664Z] [INFO] "timestamp": "2026-06-23T12:13:53.663Z"
[2026-06-23T12:13:53.664Z] [INFO] }
[2026-06-23T12:13:53.665Z] [INFO] ISSUES BEFORE PUSH: []
[2026-06-23T12:13:53.665Z] [INFO] WRITING REPORT: D:\Project\qaiachatbot\Keyword Finder\backend\ui-check\jobs\4b545ddf-0934-4ad7-adb5-4abcd496be61\qaReport.json
[2026-06-23T12:13:53.666Z] [INFO] 📝 Report written: 0 issue(s)
[2026-06-23T12:13:53.666Z] [INFO] LAST REPORT ENTRY: {
[2026-06-23T12:13:53.667Z] [INFO] "url": "https://example.com",
[2026-06-23T12:13:53.667Z] [INFO] "device": "Desktop",
[2026-06-23T12:13:53.668Z] [INFO] "issues": [],
[2026-06-23T12:13:53.667Z] [INFO] "page": "Desktop",
[2026-06-23T12:13:53.668Z] [INFO] "screenshot": null,
[2026-06-23T12:13:53.668Z] [INFO] "timestamp": "2026-06-23T12:13:53.663Z"
[2026-06-23T12:13:53.668Z] [INFO] }
[2026-06-23T12:13:53.668Z] [INFO] ✅ QA COMPLETE: 0 visual defect(s) found
[2026-06-23T12:13:53.801Z] [INFO] PROGRESS:85 Generating QA report...
[2026-06-23T12:13:53.805Z] [INFO] Report entries: 1
[2026-06-23T12:13:53.807Z] [INFO] {
[2026-06-23T12:13:53.808Z] [INFO] "page": "Desktop",
[2026-06-23T12:13:53.808Z] [INFO] "url": "https://example.com",
[2026-06-23T12:13:53.809Z] [INFO] "issues": [],
[2026-06-23T12:13:53.809Z] [INFO] "device": "Desktop",
[2026-06-23T12:13:53.810Z] [INFO] "screenshot": null,
[2026-06-23T12:13:53.810Z] [INFO] "timestamp": "2026-06-23T12:13:53.663Z"
[2026-06-23T12:13:53.811Z] [INFO] Screenshot folder: D:\Project\qaiachatbot\Keyword Finder\backend\ui-check\jobs\4b545ddf-0934-4ad7-adb5-4abcd496be61\screenshots
[2026-06-23T12:13:53.811Z] [INFO] }
[2026-06-23T12:13:53.813Z] [INFO] Files: []
[2026-06-23T12:13:53.812Z] [INFO] Folder exists: true
[2026-06-23T12:13:53.813Z] [INFO] === Screenshot Metadata Map ===
[2026-06-23T12:13:53.815Z] [INFO] {}
[2026-06-23T12:13:53.818Z] [INFO] PROGRESS:100 Completed
[2026-06-23T12:13:53.855Z] [INFO] Job completed successfully
