[2026-06-22T10:14:02.169Z] [INFO] Job created and queued
[2026-06-22T10:14:02.185Z] [INFO] Job started
[2026-06-22T10:14:02.606Z] [INFO] PROGRESS:5 Initializing full site UI check...
[2026-06-22T10:14:03.039Z] [INFO] PROGRESS:10 Discovering URLs...
[2026-06-22T10:14:03.045Z] [INFO] [CRAWL] Starting URL discovery
[2026-06-22T10:14:03.046Z] [INFO] [CRAWL] Seed: https://example.com
[2026-06-22T10:14:03.046Z] [INFO] [CRAWL] Max depth: 5 | Max URLs: 5000
[2026-06-22T10:14:03.198Z] [INFO] [CRAWL] Found 1: https://example.com/
[2026-06-22T10:14:03.199Z] [INFO] [CRAWL] Scanning page 1 (depth 0, queue 0, found 1): https://example.com/
[2026-06-22T10:14:04.481Z] [INFO] [CRAWL] Found 2: https://example.com/domains/example
[2026-06-22T10:14:04.481Z] [INFO] [CRAWL] Page done — 1 link(s) checked, 1 new URL(s): https://example.com/
[2026-06-22T10:14:04.493Z] [INFO] [CRAWL] Scanning page 2 (depth 1, queue 0, found 2): https://example.com/domains/example
[2026-06-22T10:14:05.737Z] [INFO] [CRAWL] Page done — 1 link(s) checked, 0 new URL(s): https://example.com/domains/example
[2026-06-22T10:14:05.743Z] [INFO] [CRAWL] Discovery complete — 2 URL(s) found
[2026-06-22T10:14:05.744Z] [INFO] 1. https://example.com/
[2026-06-22T10:14:05.744Z] [INFO] 2. https://example.com/domains/example
[2026-06-22T10:14:05.744Z] [INFO] [CRAWL] URL list:
[2026-06-22T10:14:05.826Z] [INFO] PROGRESS:25 Found 2 URLs — scanning...
[2026-06-22T10:14:05.830Z] [INFO] [TEST] Starting queue processing
[2026-06-22T10:14:05.830Z] [INFO] [TEST] Total URLs in queue: 2
[2026-06-22T10:14:05.972Z] [INFO] [TEST] Running 1/2: https://example.com/
[2026-06-22T10:14:05.980Z] [INFO] [TEST]   Loading page (Desktop): https://example.com/
[2026-06-22T10:14:06.998Z] [INFO] [TEST]   Running checks (Desktop): https://example.com/
[2026-06-22T10:14:07.000Z] [INFO] [QA] Started: https://example.com/ (Desktop)
[2026-06-22T10:14:15.199Z] [INFO] [QA] Done: https://example.com/ — 0 issue(s)
[2026-06-22T10:14:15.212Z] [INFO] [TEST] Completed 1/2: https://example.com/
[2026-06-22T10:14:15.212Z] [INFO] [TEST] Running 2/2: https://example.com/domains/example
[2026-06-22T10:14:15.215Z] [INFO] [TEST]   Loading page (Desktop): https://example.com/domains/example
[2026-06-22T10:14:15.852Z] [INFO] PROGRESS:90 Scanning pages... 1/1
[2026-06-22T10:14:16.124Z] [INFO] [TEST]   Running checks (Desktop): https://example.com/domains/example
[2026-06-22T10:14:16.125Z] [INFO] [QA] Started: https://example.com/domains/example (Desktop)
[2026-06-22T10:14:17.868Z] [INFO] PROGRESS:90 Scanning pages... 1/1
[2026-06-22T10:14:19.870Z] [INFO] PROGRESS:90 Scanning pages... 1/1
[2026-06-22T10:14:21.870Z] [INFO] PROGRESS:90 Scanning pages... 1/1
[2026-06-22T10:14:23.884Z] [INFO] PROGRESS:90 Scanning pages... 1/1
[2026-06-22T10:14:24.384Z] [INFO] [QA] Done: https://example.com/domains/example — 1 issue(s)
[2026-06-22T10:14:24.395Z] [INFO] [TEST] Completed 2/2: https://example.com/domains/example
[2026-06-22T10:14:24.471Z] [INFO] [TEST] Generating HTML report...
[2026-06-22T10:14:24.470Z] [INFO] [TEST] Queue finished — 2/2 URL(s) processed
[2026-06-22T10:14:24.477Z] [INFO] [PDF] Skipped — HTML report at: D:\Project\qaiachatbot\Keyword Finder\backend\full-ui-check\jobs\a48f45e7-8b4a-4643-9d5d-8346d94d577c\qa-report.html
[2026-06-22T10:14:24.477Z] [INFO] PROGRESS:100 Completed
[2026-06-22T10:14:24.509Z] [INFO] Job completed successfully
