[2026-06-23T11:36:04.093Z] [INFO] Job created and queued
[2026-06-23T11:36:04.103Z] [INFO] Job started
[2026-06-23T11:36:04.459Z] [INFO] PROGRESS:5 Initializing full site UI check...
[2026-06-23T11:36:04.477Z] [INFO] PROGRESS:10 Discovering URLs...
[2026-06-23T11:36:04.483Z] [INFO] [CRAWL] Starting URL discovery
[2026-06-23T11:36:04.483Z] [INFO] [CRAWL] Seed: https://example1.com
[2026-06-23T11:36:04.484Z] [INFO] [CRAWL] Max depth: 5 | Max URLs: 50
[2026-06-23T11:36:04.970Z] [INFO] [CRAWL] Found 1: https://example1.com/
[2026-06-23T11:36:04.971Z] [INFO] [CRAWL] Scanning page 1 (depth 0, queue 0, found 1): https://example1.com/
[2026-06-23T11:36:10.283Z] [INFO] [CRAWL] Page done — 1 link(s) checked, 0 new URL(s): https://example1.com/
[2026-06-23T11:36:10.297Z] [INFO] [CRAWL] Discovery complete — 1 URL(s) found
[2026-06-23T11:36:10.297Z] [INFO] [CRAWL] URL list:
[2026-06-23T11:36:10.298Z] [INFO] 1. https://example1.com/
[2026-06-23T11:36:10.375Z] [INFO] PROGRESS:25 Found 1 URLs — scanning...
[2026-06-23T11:36:10.377Z] [INFO] [TEST] Starting queue processing
[2026-06-23T11:36:10.378Z] [INFO] [TEST] Total URLs in queue: 1
[2026-06-23T11:36:10.466Z] [INFO] [TEST] Running 1/1: https://example1.com/
[2026-06-23T11:36:10.470Z] [INFO] [TEST]   Loading page (Desktop): https://example1.com/
[2026-06-23T11:36:11.519Z] [INFO] [TEST]   Running checks (Desktop): https://example1.com/
[2026-06-23T11:36:11.521Z] [INFO] [QA] Started: https://example1.com/ (Desktop)
[2026-06-23T11:36:12.379Z] [INFO] PROGRESS:25 Scanning pages... 0 / 1
[2026-06-23T11:36:14.382Z] [INFO] PROGRESS:25 Scanning pages... 0 / 1
[2026-06-23T11:36:16.384Z] [INFO] PROGRESS:25 Scanning pages... 0 / 1
[2026-06-23T11:36:18.389Z] [INFO] PROGRESS:25 Scanning pages... 0 / 1
[2026-06-23T11:36:19.734Z] [INFO] [QA] Done: https://example1.com/ — 0 issue(s)
[2026-06-23T11:36:19.749Z] [INFO] [TEST] Completed 1/1: https://example1.com/
[2026-06-23T11:36:19.798Z] [INFO] [TEST] Queue finished — 1/1 URL(s) processed
[2026-06-23T11:36:19.798Z] [INFO] [TEST] Generating HTML report...
[2026-06-23T11:36:19.802Z] [INFO] [PDF] Skipped — HTML report at: D:\Project\qaiachatbot\Keyword Finder\backend\full-ui-check\jobs\c3d2d84d-a443-44cb-a682-ad4e481babe2\qa-report.html
[2026-06-23T11:36:19.806Z] [INFO] PROGRESS:100 Completed
[2026-06-23T11:36:19.834Z] [INFO] Job completed successfully
