[2026-06-22T13:09:38.492Z] [INFO] Job created and queued
[2026-06-22T13:09:38.495Z] [INFO] Job started
[2026-06-22T13:09:38.805Z] [INFO] PROGRESS:5 Initializing full site UI check...
[2026-06-22T13:09:38.816Z] [INFO] PROGRESS:10 Discovering URLs...
[2026-06-22T13:09:38.827Z] [INFO] [CRAWL] Starting URL discovery
[2026-06-22T13:09:38.828Z] [INFO] [CRAWL] Seed: https://example.com
[2026-06-22T13:09:38.828Z] [INFO] [CRAWL] Max depth: 5 | Max URLs: 50
[2026-06-22T13:09:39.238Z] [INFO] [CRAWL] Found 1: https://example.com/
[2026-06-22T13:09:39.239Z] [INFO] [CRAWL] Scanning page 1 (depth 0, queue 0, found 1): https://example.com/
[2026-06-22T13:09:40.664Z] [INFO] [CRAWL] Found 2: https://example.com/domains/example
[2026-06-22T13:09:40.664Z] [INFO] [CRAWL] Page done — 1 link(s) checked, 1 new URL(s): https://example.com/
[2026-06-22T13:09:40.669Z] [INFO] [CRAWL] Scanning page 2 (depth 1, queue 0, found 2): https://example.com/domains/example
[2026-06-22T13:09:41.604Z] [INFO] [CRAWL] Page done — 1 link(s) checked, 0 new URL(s): https://example.com/domains/example
[2026-06-22T13:09:41.608Z] [INFO] [CRAWL] Discovery complete — 2 URL(s) found
[2026-06-22T13:09:41.609Z] [INFO] [CRAWL] URL list:
[2026-06-22T13:09:41.609Z] [INFO] 1. https://example.com/
[2026-06-22T13:09:41.609Z] [INFO] 2. https://example.com/domains/example
[2026-06-22T13:09:41.667Z] [INFO] PROGRESS:25 Found 2 URLs — scanning...
[2026-06-22T13:09:41.669Z] [INFO] [TEST] Starting queue processing
[2026-06-22T13:09:41.669Z] [INFO] [TEST] Total URLs in queue: 2
[2026-06-22T13:09:41.780Z] [INFO] [TEST] Running 1/2: https://example.com/
[2026-06-22T13:09:41.785Z] [INFO] [TEST]   Loading page (Desktop): https://example.com/
[2026-06-22T13:09:43.516Z] [INFO] Job cancelled
