[2026-06-22T13:09:46.856Z] [INFO] Job created and queued
[2026-06-22T13:09:46.860Z] [INFO] Job started
[2026-06-22T13:09:47.197Z] [INFO] PROGRESS:5 Initializing full site UI check...
[2026-06-22T13:09:47.209Z] [INFO] PROGRESS:10 Discovering URLs...
[2026-06-22T13:09:47.213Z] [INFO] [CRAWL] Starting URL discovery
[2026-06-22T13:09:47.214Z] [INFO] [CRAWL] Seed: https://example.com
[2026-06-22T13:09:47.214Z] [INFO] [CRAWL] Max depth: 5 | Max URLs: 10
[2026-06-22T13:09:47.619Z] [INFO] [CRAWL] Found 1: https://example.com/
[2026-06-22T13:09:47.619Z] [INFO] [CRAWL] Scanning page 1 (depth 0, queue 0, found 1): https://example.com/
[2026-06-22T13:09:49.275Z] [INFO] [CRAWL] Page done — 1 link(s) checked, 1 new URL(s): https://example.com/
[2026-06-22T13:09:49.275Z] [INFO] [CRAWL] Found 2: https://example.com/domains/example
[2026-06-22T13:09:49.281Z] [INFO] [CRAWL] Scanning page 2 (depth 1, queue 0, found 2): https://example.com/domains/example
[2026-06-22T13:09:50.678Z] [INFO] [CRAWL] Page done — 1 link(s) checked, 0 new URL(s): https://example.com/domains/example
[2026-06-22T13:09:50.682Z] [INFO] [CRAWL] URL list:
[2026-06-22T13:09:50.681Z] [INFO] [CRAWL] Discovery complete — 2 URL(s) found
[2026-06-22T13:09:50.682Z] [INFO] 1. https://example.com/
[2026-06-22T13:09:50.682Z] [INFO] 2. https://example.com/domains/example
[2026-06-22T13:09:50.742Z] [INFO] PROGRESS:25 Found 2 URLs — scanning...
[2026-06-22T13:09:50.744Z] [INFO] [TEST] Starting queue processing
[2026-06-22T13:09:50.744Z] [INFO] [TEST] Total URLs in queue: 2
[2026-06-22T13:09:50.831Z] [INFO] [TEST] Running 1/2: https://example.com/
[2026-06-22T13:09:50.834Z] [INFO] [TEST]   Loading page (Desktop): https://example.com/
[2026-06-22T13:09:52.753Z] [INFO] PROGRESS:25 Scanning pages... 0 / 2
[2026-06-22T13:09:53.980Z] [INFO] [TEST]   Running checks (Desktop): https://example.com/
[2026-06-22T13:09:53.982Z] [INFO] [QA] Started: https://example.com/ (Desktop)
[2026-06-22T13:09:54.764Z] [INFO] PROGRESS:25 Scanning pages... 0 / 2
[2026-06-22T13:09:56.762Z] [INFO] PROGRESS:25 Scanning pages... 0 / 2
[2026-06-22T13:09:58.778Z] [INFO] PROGRESS:25 Scanning pages... 0 / 2
[2026-06-22T13:10:00.794Z] [INFO] PROGRESS:25 Scanning pages... 0 / 2
[2026-06-22T13:10:02.126Z] [INFO] [QA] Done: https://example.com/ — 0 issue(s)
[2026-06-22T13:10:02.131Z] [INFO] [TEST]   Loading page (QA_Tablet): https://example.com/
[2026-06-22T13:10:02.793Z] [INFO] PROGRESS:25 Scanning pages... 0 / 2
[2026-06-22T13:10:03.785Z] [INFO] [TEST]   Running checks (QA_Tablet): https://example.com/
[2026-06-22T13:10:03.785Z] [INFO] [QA] Started: https://example.com/ (QA_Tablet)
[2026-06-22T13:10:04.793Z] [INFO] PROGRESS:25 Scanning pages... 0 / 2
[2026-06-22T13:10:06.808Z] [INFO] PROGRESS:25 Scanning pages... 0 / 2
[2026-06-22T13:10:08.818Z] [INFO] PROGRESS:25 Scanning pages... 0 / 2
[2026-06-22T13:10:10.824Z] [INFO] PROGRESS:25 Scanning pages... 0 / 2
[2026-06-22T13:10:11.922Z] [INFO] [QA] Done: https://example.com/ — 0 issue(s)
[2026-06-22T13:10:11.932Z] [INFO] [TEST] Completed 1/2: https://example.com/
[2026-06-22T13:10:11.932Z] [INFO] [TEST] Running 2/2: https://example.com/domains/example
[2026-06-22T13:10:11.934Z] [INFO] [TEST]   Loading page (Desktop): https://example.com/domains/example
[2026-06-22T13:10:12.823Z] [INFO] PROGRESS:58 Scanning pages... 1 / 2
[2026-06-22T13:10:13.444Z] [INFO] [TEST]   Running checks (Desktop): https://example.com/domains/example
[2026-06-22T13:10:13.445Z] [INFO] [QA] Started: https://example.com/domains/example (Desktop)
[2026-06-22T13:10:14.823Z] [INFO] PROGRESS:58 Scanning pages... 1 / 2
[2026-06-22T13:10:16.823Z] [INFO] PROGRESS:58 Scanning pages... 1 / 2
[2026-06-22T13:10:18.824Z] [INFO] PROGRESS:58 Scanning pages... 1 / 2
[2026-06-22T13:10:20.833Z] [INFO] PROGRESS:58 Scanning pages... 1 / 2
[2026-06-22T13:10:21.626Z] [INFO] [QA] Done: https://example.com/domains/example — 1 issue(s)
[2026-06-22T13:10:21.630Z] [INFO] [TEST]   Loading page (QA_Tablet): https://example.com/domains/example
[2026-06-22T13:10:22.245Z] [INFO] [TEST]   Running checks (QA_Tablet): https://example.com/domains/example
[2026-06-22T13:10:22.245Z] [INFO] [QA] Started: https://example.com/domains/example (QA_Tablet)
[2026-06-22T13:10:22.833Z] [INFO] PROGRESS:58 Scanning pages... 1 / 2
[2026-06-22T13:10:24.834Z] [INFO] PROGRESS:58 Scanning pages... 1 / 2
[2026-06-22T13:10:26.849Z] [INFO] PROGRESS:58 Scanning pages... 1 / 2
[2026-06-22T13:10:28.850Z] [INFO] PROGRESS:58 Scanning pages... 1 / 2
[2026-06-22T13:10:30.410Z] [INFO] [QA] Done: https://example.com/domains/example — 1 issue(s)
[2026-06-22T13:10:30.419Z] [INFO] [TEST] Completed 2/2: https://example.com/domains/example
[2026-06-22T13:10:30.473Z] [INFO] [TEST] Queue finished — 2/2 URL(s) processed
[2026-06-22T13:10:30.473Z] [INFO] [TEST] Generating HTML report...
[2026-06-22T13:10:30.491Z] [INFO] [PDF] Skipped — HTML report at: D:\Project\qaiachatbot\Keyword Finder\backend\full-ui-check\jobs\3ddad3bf-773c-40e7-a32f-d73ed121c6f7\qa-report.html
[2026-06-22T13:10:30.494Z] [INFO] PROGRESS:100 Completed
[2026-06-22T13:10:30.515Z] [INFO] Job completed successfully
